[M::bwa_idx_load_from_disk] read 0 ALT contigs
[M::process] read 139094 sequences (10000022 bp)...
[M::process] read 139732 sequences (10000061 bp)...
[M::mem_pestat] # candidate unique pairs for (FF, FR, RF, RR): (11, 11683, 0, 9)
[M::mem_pestat] analyzing insert size distribution for orientation FF...
[M::mem_pestat] (25, 50, 75) percentile: (135, 293, 810)
[M::mem_pestat] low and high boundaries for computing mean and std.dev: (1, 2160)
[M::mem_pestat] mean and std.dev: (488.00, 465.96)
[M::mem_pestat] low and high boundaries for proper pairs: (1, 2835)
[M::mem_pestat] analyzing insert size distribution for orientation FR...
[M::mem_pestat] (25, 50, 75) percentile: (79, 131, 199)
[M::mem_pestat] low and high boundaries for computing mean and std.dev: (1, 439)
[M::mem_pestat] mean and std.dev: (143.54, 79.07)
[M::mem_pestat] low and high boundaries for proper pairs: (1, 559)
[M::mem_pestat] skip orientation RF as there are not enough pairs
[M::mem_pestat] skip orientation RR as there are not enough pairs
[M::mem_pestat] skip orientation FF
[M::mem_process_seqs] Processed 139094 reads in 2.490 CPU sec, 2.357 real sec
[M::process] read 139476 sequences (10000075 bp)...
[M::mem_pestat] # candidate unique pairs for (FF, FR, RF, RR): (3, 11612, 1, 4)
[M::mem_pestat] skip orientation FF as there are not enough pairs
[M::mem_pestat] analyzing insert size distribution for orientation FR...
[M::mem_pestat] (25, 50, 75) percentile: (76, 126, 195)
[M::mem_pestat] low and high boundaries for computing mean and std.dev: (1, 433)
[M::mem_pestat] mean and std.dev: (140.87, 79.68)
[M::mem_pestat] low and high boundaries for proper pairs: (1, 552)
[M::mem_pestat] skip orientation RF as there are not enough pairs
[M::mem_pestat] skip orientation RR as there are not enough pairs
[M::mem_process_seqs] Processed 139732 reads in 2.528 CPU sec, 2.322 real sec
[M::process] read 139996 sequences (10000110 bp)...
[M::mem_pestat] # candidate unique pairs for (FF, FR, RF, RR): (4, 12034, 1, 6)
[M::mem_pestat] skip orientation FF as there are not enough pairs
[M::mem_pestat] analyzing insert size distribution for orientation FR...
[M::mem_pestat] (25, 50, 75) percentile: (76, 125, 193)
[M::mem_pestat] low and high boundaries for computing mean and std.dev: (1, 427)
[M::mem_pestat] mean and std.dev: (139.15, 77.56)
[M::mem_pestat] low and high boundaries for proper pairs: (1, 544)
[M::mem_pestat] skip orientation RF as there are not enough pairs
[M::mem_pestat] skip orientation RR as there are not enough pairs
[M::mem_process_seqs] Processed 139476 reads in 2.520 CPU sec, 2.333 real sec
[M::process] read 139214 sequences (10000021 bp)...
[M::mem_pestat] # candidate unique pairs for (FF, FR, RF, RR): (2, 11619, 0, 4)
[M::mem_pestat] skip orientation FF as there are not enough pairs
[M::mem_pestat] analyzing insert size distribution for orientation FR...
[M::mem_pestat] (25, 50, 75) percentile: (76, 125, 194)
[M::mem_pestat] low and high boundaries for computing mean and std.dev: (1, 430)
[M::mem_pestat] mean and std.dev: (139.10, 77.69)
[M::mem_pestat] low and high boundaries for proper pairs: (1, 548)
[M::mem_pestat] skip orientation RF as there are not enough pairs
[M::mem_pestat] skip orientation RR as there are not enough pairs
[M::mem_process_seqs] Processed 139996 reads in 2.533 CPU sec, 2.347 real sec
[M::process] read 139170 sequences (10000121 bp)...
[M::mem_pestat] # candidate unique pairs for (FF, FR, RF, RR): (6, 11707, 0, 4)
[M::mem_pestat] skip orientation FF as there are not enough pairs
[M::mem_pestat] analyzing insert size distribution for orientation FR...
[M::mem_pestat] (25, 50, 75) percentile: (77, 128, 197)
[M::mem_pestat] low and high boundaries for computing mean and std.dev: (1, 437)
[M::mem_pestat] mean and std.dev: (141.34, 78.01)
[M::mem_pestat] low and high boundaries for proper pairs: (1, 557)
[M::mem_pestat] skip orientation RF as there are not enough pairs
[M::mem_pestat] skip orientation RR as there are not enough pairs
[M::mem_process_seqs] Processed 139214 reads in 2.524 CPU sec, 2.327 real sec
[M::process] read 139368 sequences (10000113 bp)...
[M::mem_pestat] # candidate unique pairs for (FF, FR, RF, RR): (14, 11620, 0, 7)
[M::mem_pestat] analyzing insert size distribution for orientation FF...
[M::mem_pestat] (25, 50, 75) percentile: (74, 106, 193)
[M::mem_pestat] low and high boundaries for computing mean and std.dev: (1, 431)
[M::mem_pestat] mean and std.dev: (99.09, 46.27)
[M::mem_pestat] low and high boundaries for proper pairs: (1, 550)
[M::mem_pestat] analyzing insert size distribution for orientation FR...
[M::mem_pestat] (25, 50, 75) percentile: (79, 128, 196)
[M::mem_pestat] low and high boundaries for computing mean and std.dev: (1, 430)
[M::mem_pestat] mean and std.dev: (141.92, 77.93)
[M::mem_pestat] low and high boundaries for proper pairs: (1, 547)
[M::mem_pestat] skip orientation RF as there are not enough pairs
[M::mem_pestat] skip orientation RR as there are not enough pairs
[M::mem_pestat] skip orientation FF
[M::mem_process_seqs] Processed 139170 reads in 2.511 CPU sec, 2.329 real sec
[M::process] read 139746 sequences (10000126 bp)...
[M::mem_pestat] # candidate unique pairs for (FF, FR, RF, RR): (6, 11855, 1, 9)
[M::mem_pestat] skip orientation FF as there are not enough pairs
[M::mem_pestat] analyzing insert size distribution for orientation FR...
[M::mem_pestat] (25, 50, 75) percentile: (76, 126, 194)
[M::mem_pestat] low and high boundaries for computing mean and std.dev: (1, 430)
[M::mem_pestat] mean and std.dev: (140.03, 77.79)
[M::mem_pestat] low and high boundaries for proper pairs: (1, 548)
[M::mem_pestat] skip orientation RF as there are not enough pairs
[M::mem_pestat] skip orientation RR as there are not enough pairs
[M::mem_process_seqs] Processed 139368 reads in 2.504 CPU sec, 2.322 real sec
[M::process] read 138978 sequences (10000047 bp)...
[M::mem_pestat] # candidate unique pairs for (FF, FR, RF, RR): (6, 11695, 1, 2)
[M::mem_pestat] skip orientation FF as there are not enough pairs
[M::mem_pestat] analyzing insert size distribution for orientation FR...
[M::mem_pestat] (25, 50, 75) percentile: (77, 126, 195)
[M::mem_pestat] low and high boundaries for computing mean and std.dev: (1, 431)
[M::mem_pestat] mean and std.dev: (139.81, 77.60)
[M::mem_pestat] low and high boundaries for proper pairs: (1, 549)
[M::mem_pestat] skip orientation RF as there are not enough pairs
[M::mem_pestat] skip orientation RR as there are not enough pairs
[M::mem_process_seqs] Processed 139746 reads in 2.511 CPU sec, 2.332 real sec
[M::process] read 139842 sequences (10000086 bp)...
[M::mem_pestat] # candidate unique pairs for (FF, FR, RF, RR): (5, 11825, 0, 2)
[M::mem_pestat] skip orientation FF as there are not enough pairs
[M::mem_pestat] analyzing insert size distribution for orientation FR...
[M::mem_pestat] (25, 50, 75) percentile: (79, 130, 196)
[M::mem_pestat] low and high boundaries for computing mean and std.dev: (1, 430)
[M::mem_pestat] mean and std.dev: (142.43, 78.35)
[M::mem_pestat] low and high boundaries for proper pairs: (1, 547)
[M::mem_pestat] skip orientation RF as there are not enough pairs
[M::mem_pestat] skip orientation RR as there are not enough pairs
[M::mem_process_seqs] Processed 138978 reads in 2.532 CPU sec, 2.349 real sec
[M::process] read 139210 sequences (10000075 bp)...
[M::mem_pestat] # candidate unique pairs for (FF, FR, RF, RR): (10, 11818, 0, 4)
[M::mem_pestat] analyzing insert size distribution for orientation FF...
[M::mem_pestat] (25, 50, 75) percentile: (95, 183, 440)
[M::mem_pestat] low and high boundaries for computing mean and std.dev: (1, 1130)
[M::mem_pestat] mean and std.dev: (247.40, 158.84)
[M::mem_pestat] low and high boundaries for proper pairs: (1, 1475)
[M::mem_pestat] analyzing insert size distribution for orientation FR...
[M::mem_pestat] (25, 50, 75) percentile: (76, 124, 190)
[M::mem_pestat] low and high boundaries for computing mean and std.dev: (1, 418)
[M::mem_pestat] mean and std.dev: (137.18, 75.95)
[M::mem_pestat] low and high boundaries for proper pairs: (1, 532)
[M::mem_pestat] skip orientation RF as there are not enough pairs
[M::mem_pestat] skip orientation RR as there are not enough pairs
[M::mem_pestat] skip orientation FF
[M::mem_process_seqs] Processed 139842 reads in 2.497 CPU sec, 2.319 real sec
[M::process] read 139200 sequences (10000042 bp)...
[M::mem_pestat] # candidate unique pairs for (FF, FR, RF, RR): (8, 11813, 0, 8)
[M::mem_pestat] skip orientation FF as there are not enough pairs
[M::mem_pestat] analyzing insert size distribution for orientation FR...
[M::mem_pestat] (25, 50, 75) percentile: (76, 126, 191)
[M::mem_pestat] low and high boundaries for computing mean and std.dev: (1, 421)
[M::mem_pestat] mean and std.dev: (138.61, 76.19)
[M::mem_pestat] low and high boundaries for proper pairs: (1, 536)
[M::mem_pestat] skip orientation RF as there are not enough pairs
[M::mem_pestat] skip orientation RR as there are not enough pairs
[M::mem_process_seqs] Processed 139210 reads in 2.564 CPU sec, 2.374 real sec
[M::process] read 139280 sequences (10000116 bp)...
[M::mem_pestat] # candidate unique pairs for (FF, FR, RF, RR): (9, 11410, 0, 6)
[M::mem_pestat] skip orientation FF as there are not enough pairs
[M::mem_pestat] analyzing insert size distribution for orientation FR...
[M::mem_pestat] (25, 50, 75) percentile: (81, 130, 197)
[M::mem_pestat] low and high boundaries for computing mean and std.dev: (1, 429)
[M::mem_pestat] mean and std.dev: (143.16, 78.05)
[M::mem_pestat] low and high boundaries for proper pairs: (1, 545)
[M::mem_pestat] skip orientation RF as there are not enough pairs
[M::mem_pestat] skip orientation RR as there are not enough pairs
[M::mem_process_seqs] Processed 139200 reads in 2.537 CPU sec, 2.343 real sec
[M::process] read 139554 sequences (10000142 bp)...
[M::mem_pestat] # candidate unique pairs for (FF, FR, RF, RR): (6, 11750, 0, 1)
[M::mem_pestat] skip orientation FF as there are not enough pairs
[M::mem_pestat] analyzing insert size distribution for orientation FR...
[M::mem_pestat] (25, 50, 75) percentile: (76, 128, 194)
[M::mem_pestat] low and high boundaries for computing mean and std.dev: (1, 430)
[M::mem_pestat] mean and std.dev: (140.61, 77.99)
[M::mem_pestat] low and high boundaries for proper pairs: (1, 548)
[M::mem_pestat] skip orientation RF as there are not enough pairs
[M::mem_pestat] skip orientation RR as there are not enough pairs
[M::mem_process_seqs] Processed 139280 reads in 2.504 CPU sec, 2.319 real sec
[M::process] read 110936 sequences (7953466 bp)...
[M::mem_pestat] # candidate unique pairs for (FF, FR, RF, RR): (6, 11654, 1, 4)
[M::mem_pestat] skip orientation FF as there are not enough pairs
[M::mem_pestat] analyzing insert size distribution for orientation FR...
[M::mem_pestat] (25, 50, 75) percentile: (77, 128, 195)
[M::mem_pestat] low and high boundaries for computing mean and std.dev: (1, 431)
[M::mem_pestat] mean and std.dev: (141.07, 77.59)
[M::mem_pestat] low and high boundaries for proper pairs: (1, 549)
[M::mem_pestat] skip orientation RF as there are not enough pairs
[M::mem_pestat] skip orientation RR as there are not enough pairs
[M::mem_process_seqs] Processed 139554 reads in 2.499 CPU sec, 2.330 real sec
[M::mem_pestat] # candidate unique pairs for (FF, FR, RF, RR): (5, 9429, 0, 2)
[M::mem_pestat] skip orientation FF as there are not enough pairs
[M::mem_pestat] analyzing insert size distribution for orientation FR...
[M::mem_pestat] (25, 50, 75) percentile: (76, 125, 195)
[M::mem_pestat] low and high boundaries for computing mean and std.dev: (1, 433)
[M::mem_pestat] mean and std.dev: (139.97, 78.99)
[M::mem_pestat] low and high boundaries for proper pairs: (1, 552)
[M::mem_pestat] skip orientation RF as there are not enough pairs
[M::mem_pestat] skip orientation RR as there are not enough pairs
[M::mem_process_seqs] Processed 110936 reads in 1.950 CPU sec, 1.872 real sec
[main] Version: 0.7.19-r1273
[main] CMD: bwa mem h1n1/h1n1.fasta 01790879_FluAB_EFRL384-EFRZ641_1_paired.fq.gz 01790879_FluAB_EFRL384-EFRZ641_2_paired.fq.gz
[main] Real time: 35.055 sec; CPU: 37.366 sec
