[M::bwa_idx_load_from_disk] read 0 ALT contigs
[M::process] read 76658 sequences (10000103 bp)...
[M::process] read 76384 sequences (10000103 bp)...
[M::mem_pestat] # candidate unique pairs for (FF, FR, RF, RR): (1, 30726, 0, 1)
[M::mem_pestat] skip orientation FF as there are not enough pairs
[M::mem_pestat] analyzing insert size distribution for orientation FR...
[M::mem_pestat] (25, 50, 75) percentile: (148, 211, 297)
[M::mem_pestat] low and high boundaries for computing mean and std.dev: (1, 595)
[M::mem_pestat] mean and std.dev: (228.38, 107.55)
[M::mem_pestat] low and high boundaries for proper pairs: (1, 744)
[M::mem_pestat] skip orientation RF as there are not enough pairs
[M::mem_pestat] skip orientation RR as there are not enough pairs
[M::mem_process_seqs] Processed 76658 reads in 1.663 CPU sec, 1.553 real sec
[M::process] read 76662 sequences (10000183 bp)...
[M::mem_pestat] # candidate unique pairs for (FF, FR, RF, RR): (3, 30559, 1, 3)
[M::mem_pestat] skip orientation FF as there are not enough pairs
[M::mem_pestat] analyzing insert size distribution for orientation FR...
[M::mem_pestat] (25, 50, 75) percentile: (146, 210, 296)
[M::mem_pestat] low and high boundaries for computing mean and std.dev: (1, 596)
[M::mem_pestat] mean and std.dev: (226.72, 106.68)
[M::mem_pestat] low and high boundaries for proper pairs: (1, 746)
[M::mem_pestat] skip orientation RF as there are not enough pairs
[M::mem_pestat] skip orientation RR as there are not enough pairs
[M::mem_process_seqs] Processed 76384 reads in 1.691 CPU sec, 1.524 real sec
[M::process] read 76374 sequences (10000204 bp)...
[M::mem_pestat] # candidate unique pairs for (FF, FR, RF, RR): (0, 30987, 0, 2)
[M::mem_pestat] skip orientation FF as there are not enough pairs
[M::mem_pestat] analyzing insert size distribution for orientation FR...
[M::mem_pestat] (25, 50, 75) percentile: (148, 212, 301)
[M::mem_pestat] low and high boundaries for computing mean and std.dev: (1, 607)
[M::mem_pestat] mean and std.dev: (230.76, 109.66)
[M::mem_pestat] low and high boundaries for proper pairs: (1, 760)
[M::mem_pestat] skip orientation RF as there are not enough pairs
[M::mem_pestat] skip orientation RR as there are not enough pairs
[M::mem_process_seqs] Processed 76662 reads in 1.766 CPU sec, 1.616 real sec
[M::process] read 76672 sequences (10000085 bp)...
[M::mem_pestat] # candidate unique pairs for (FF, FR, RF, RR): (0, 30540, 0, 4)
[M::mem_pestat] skip orientation FF as there are not enough pairs
[M::mem_pestat] analyzing insert size distribution for orientation FR...
[M::mem_pestat] (25, 50, 75) percentile: (146, 209, 295)
[M::mem_pestat] low and high boundaries for computing mean and std.dev: (1, 593)
[M::mem_pestat] mean and std.dev: (226.23, 106.09)
[M::mem_pestat] low and high boundaries for proper pairs: (1, 742)
[M::mem_pestat] skip orientation RF as there are not enough pairs
[M::mem_pestat] skip orientation RR as there are not enough pairs
[M::mem_process_seqs] Processed 76374 reads in 1.716 CPU sec, 1.573 real sec
[M::process] read 76582 sequences (10000080 bp)...
[M::mem_pestat] # candidate unique pairs for (FF, FR, RF, RR): (3, 30979, 0, 1)
[M::mem_pestat] skip orientation FF as there are not enough pairs
[M::mem_pestat] analyzing insert size distribution for orientation FR...
[M::mem_pestat] (25, 50, 75) percentile: (147, 209, 300)
[M::mem_pestat] low and high boundaries for computing mean and std.dev: (1, 606)
[M::mem_pestat] mean and std.dev: (229.81, 110.02)
[M::mem_pestat] low and high boundaries for proper pairs: (1, 759)
[M::mem_pestat] skip orientation RF as there are not enough pairs
[M::mem_pestat] skip orientation RR as there are not enough pairs
[M::mem_process_seqs] Processed 76672 reads in 1.695 CPU sec, 1.552 real sec
[M::process] read 76408 sequences (10000057 bp)...
[M::mem_pestat] # candidate unique pairs for (FF, FR, RF, RR): (1, 30732, 0, 3)
[M::mem_pestat] skip orientation FF as there are not enough pairs
[M::mem_pestat] analyzing insert size distribution for orientation FR...
[M::mem_pestat] (25, 50, 75) percentile: (145, 207, 295)
[M::mem_pestat] low and high boundaries for computing mean and std.dev: (1, 595)
[M::mem_pestat] mean and std.dev: (225.75, 107.33)
[M::mem_pestat] low and high boundaries for proper pairs: (1, 745)
[M::mem_pestat] skip orientation RF as there are not enough pairs
[M::mem_pestat] skip orientation RR as there are not enough pairs
[M::mem_process_seqs] Processed 76582 reads in 1.796 CPU sec, 1.609 real sec
[M::process] read 77136 sequences (10000191 bp)...
[M::mem_pestat] # candidate unique pairs for (FF, FR, RF, RR): (0, 30791, 0, 2)
[M::mem_pestat] skip orientation FF as there are not enough pairs
[M::mem_pestat] analyzing insert size distribution for orientation FR...
[M::mem_pestat] (25, 50, 75) percentile: (147, 210, 297)
[M::mem_pestat] low and high boundaries for computing mean and std.dev: (1, 597)
[M::mem_pestat] mean and std.dev: (228.24, 107.54)
[M::mem_pestat] low and high boundaries for proper pairs: (1, 747)
[M::mem_pestat] skip orientation RF as there are not enough pairs
[M::mem_pestat] skip orientation RR as there are not enough pairs
[M::mem_process_seqs] Processed 76408 reads in 1.736 CPU sec, 1.532 real sec
[M::process] read 76504 sequences (10000222 bp)...
[M::mem_pestat] # candidate unique pairs for (FF, FR, RF, RR): (0, 30813, 1, 1)
[M::mem_pestat] skip orientation FF as there are not enough pairs
[M::mem_pestat] analyzing insert size distribution for orientation FR...
[M::mem_pestat] (25, 50, 75) percentile: (144, 207, 291)
[M::mem_pestat] low and high boundaries for computing mean and std.dev: (1, 585)
[M::mem_pestat] mean and std.dev: (223.08, 104.30)
[M::mem_pestat] low and high boundaries for proper pairs: (1, 732)
[M::mem_pestat] skip orientation RF as there are not enough pairs
[M::mem_pestat] skip orientation RR as there are not enough pairs
[M::mem_process_seqs] Processed 77136 reads in 1.689 CPU sec, 1.546 real sec
[M::process] read 77066 sequences (10000064 bp)...
[M::mem_pestat] # candidate unique pairs for (FF, FR, RF, RR): (0, 30576, 0, 0)
[M::mem_pestat] skip orientation FF as there are not enough pairs
[M::mem_pestat] analyzing insert size distribution for orientation FR...
[M::mem_pestat] (25, 50, 75) percentile: (146, 208, 291)
[M::mem_pestat] low and high boundaries for computing mean and std.dev: (1, 581)
[M::mem_pestat] mean and std.dev: (223.65, 103.19)
[M::mem_pestat] low and high boundaries for proper pairs: (1, 726)
[M::mem_pestat] skip orientation RF as there are not enough pairs
[M::mem_pestat] skip orientation RR as there are not enough pairs
[M::mem_process_seqs] Processed 76504 reads in 1.645 CPU sec, 1.507 real sec
[M::process] read 76242 sequences (10000172 bp)...
[M::mem_pestat] # candidate unique pairs for (FF, FR, RF, RR): (2, 30815, 0, 1)
[M::mem_pestat] skip orientation FF as there are not enough pairs
[M::mem_pestat] analyzing insert size distribution for orientation FR...
[M::mem_pestat] (25, 50, 75) percentile: (145, 207, 292)
[M::mem_pestat] low and high boundaries for computing mean and std.dev: (1, 586)
[M::mem_pestat] mean and std.dev: (224.06, 104.18)
[M::mem_pestat] low and high boundaries for proper pairs: (1, 733)
[M::mem_pestat] skip orientation RF as there are not enough pairs
[M::mem_pestat] skip orientation RR as there are not enough pairs
[M::mem_process_seqs] Processed 77066 reads in 1.657 CPU sec, 1.519 real sec
[M::process] read 77034 sequences (10000057 bp)...
[M::mem_pestat] # candidate unique pairs for (FF, FR, RF, RR): (0, 30466, 1, 3)
[M::mem_pestat] skip orientation FF as there are not enough pairs
[M::mem_pestat] analyzing insert size distribution for orientation FR...
[M::mem_pestat] (25, 50, 75) percentile: (144, 206, 289)
[M::mem_pestat] low and high boundaries for computing mean and std.dev: (1, 579)
[M::mem_pestat] mean and std.dev: (222.33, 103.34)
[M::mem_pestat] low and high boundaries for proper pairs: (1, 724)
[M::mem_pestat] skip orientation RF as there are not enough pairs
[M::mem_pestat] skip orientation RR as there are not enough pairs
[M::mem_process_seqs] Processed 76242 reads in 1.653 CPU sec, 1.512 real sec
[M::process] read 76430 sequences (10000019 bp)...
[M::mem_pestat] # candidate unique pairs for (FF, FR, RF, RR): (3, 30864, 0, 0)
[M::mem_pestat] skip orientation FF as there are not enough pairs
[M::mem_pestat] analyzing insert size distribution for orientation FR...
[M::mem_pestat] (25, 50, 75) percentile: (145, 208, 292)
[M::mem_pestat] low and high boundaries for computing mean and std.dev: (1, 586)
[M::mem_pestat] mean and std.dev: (224.50, 105.10)
[M::mem_pestat] low and high boundaries for proper pairs: (1, 733)
[M::mem_pestat] skip orientation RF as there are not enough pairs
[M::mem_pestat] skip orientation RR as there are not enough pairs
[M::mem_process_seqs] Processed 77034 reads in 1.736 CPU sec, 1.557 real sec
[M::process] read 77238 sequences (10000199 bp)...
[M::mem_pestat] # candidate unique pairs for (FF, FR, RF, RR): (2, 30597, 0, 1)
[M::mem_pestat] skip orientation FF as there are not enough pairs
[M::mem_pestat] analyzing insert size distribution for orientation FR...
[M::mem_pestat] (25, 50, 75) percentile: (145, 207, 291)
[M::mem_pestat] low and high boundaries for computing mean and std.dev: (1, 583)
[M::mem_pestat] mean and std.dev: (223.74, 103.86)
[M::mem_pestat] low and high boundaries for proper pairs: (1, 729)
[M::mem_pestat] skip orientation RF as there are not enough pairs
[M::mem_pestat] skip orientation RR as there are not enough pairs
[M::mem_process_seqs] Processed 76430 reads in 1.751 CPU sec, 1.560 real sec
[M::process] read 76870 sequences (10000057 bp)...
[M::mem_pestat] # candidate unique pairs for (FF, FR, RF, RR): (2, 30822, 0, 0)
[M::mem_pestat] skip orientation FF as there are not enough pairs
[M::mem_pestat] analyzing insert size distribution for orientation FR...
[M::mem_pestat] (25, 50, 75) percentile: (145, 206, 289)
[M::mem_pestat] low and high boundaries for computing mean and std.dev: (1, 577)
[M::mem_pestat] mean and std.dev: (223.02, 103.40)
[M::mem_pestat] low and high boundaries for proper pairs: (1, 721)
[M::mem_pestat] skip orientation RF as there are not enough pairs
[M::mem_pestat] skip orientation RR as there are not enough pairs
[M::mem_process_seqs] Processed 77238 reads in 1.730 CPU sec, 1.588 real sec
[M::process] read 76042 sequences (10000194 bp)...
[M::mem_pestat] # candidate unique pairs for (FF, FR, RF, RR): (2, 30671, 0, 1)
[M::mem_pestat] skip orientation FF as there are not enough pairs
[M::mem_pestat] analyzing insert size distribution for orientation FR...
[M::mem_pestat] (25, 50, 75) percentile: (144, 206, 290)
[M::mem_pestat] low and high boundaries for computing mean and std.dev: (1, 582)
[M::mem_pestat] mean and std.dev: (222.58, 104.03)
[M::mem_pestat] low and high boundaries for proper pairs: (1, 728)
[M::mem_pestat] skip orientation RF as there are not enough pairs
[M::mem_pestat] skip orientation RR as there are not enough pairs
[M::mem_process_seqs] Processed 76870 reads in 1.723 CPU sec, 1.567 real sec
[M::process] read 77266 sequences (10000180 bp)...
[M::mem_pestat] # candidate unique pairs for (FF, FR, RF, RR): (1, 30877, 0, 4)
[M::mem_pestat] skip orientation FF as there are not enough pairs
[M::mem_pestat] analyzing insert size distribution for orientation FR...
[M::mem_pestat] (25, 50, 75) percentile: (148, 212, 302)
[M::mem_pestat] low and high boundaries for computing mean and std.dev: (1, 610)
[M::mem_pestat] mean and std.dev: (231.40, 110.68)
[M::mem_pestat] low and high boundaries for proper pairs: (1, 764)
[M::mem_pestat] skip orientation RF as there are not enough pairs
[M::mem_pestat] skip orientation RR as there are not enough pairs
[M::mem_process_seqs] Processed 76042 reads in 1.645 CPU sec, 1.509 real sec
[M::process] read 75846 sequences (10000075 bp)...
[M::mem_pestat] # candidate unique pairs for (FF, FR, RF, RR): (1, 30852, 0, 2)
[M::mem_pestat] skip orientation FF as there are not enough pairs
[M::mem_pestat] analyzing insert size distribution for orientation FR...
[M::mem_pestat] (25, 50, 75) percentile: (144, 206, 290)
[M::mem_pestat] low and high boundaries for computing mean and std.dev: (1, 582)
[M::mem_pestat] mean and std.dev: (222.37, 103.27)
[M::mem_pestat] low and high boundaries for proper pairs: (1, 728)
[M::mem_pestat] skip orientation RF as there are not enough pairs
[M::mem_pestat] skip orientation RR as there are not enough pairs
[M::mem_process_seqs] Processed 77266 reads in 1.671 CPU sec, 1.529 real sec
[M::process] read 77340 sequences (10000074 bp)...
[M::mem_pestat] # candidate unique pairs for (FF, FR, RF, RR): (3, 30511, 0, 2)
[M::mem_pestat] skip orientation FF as there are not enough pairs
[M::mem_pestat] analyzing insert size distribution for orientation FR...
[M::mem_pestat] (25, 50, 75) percentile: (146, 207, 295)
[M::mem_pestat] low and high boundaries for computing mean and std.dev: (1, 593)
[M::mem_pestat] mean and std.dev: (226.24, 107.54)
[M::mem_pestat] low and high boundaries for proper pairs: (1, 742)
[M::mem_pestat] skip orientation RF as there are not enough pairs
[M::mem_pestat] skip orientation RR as there are not enough pairs
[M::mem_process_seqs] Processed 75846 reads in 1.676 CPU sec, 1.564 real sec
[M::process] read 75912 sequences (10000267 bp)...
[M::mem_pestat] # candidate unique pairs for (FF, FR, RF, RR): (4, 31022, 0, 3)
[M::mem_pestat] skip orientation FF as there are not enough pairs
[M::mem_pestat] analyzing insert size distribution for orientation FR...
[M::mem_pestat] (25, 50, 75) percentile: (145, 208, 292)
[M::mem_pestat] low and high boundaries for computing mean and std.dev: (1, 586)
[M::mem_pestat] mean and std.dev: (224.60, 104.64)
[M::mem_pestat] low and high boundaries for proper pairs: (1, 733)
[M::mem_pestat] skip orientation RF as there are not enough pairs
[M::mem_pestat] skip orientation RR as there are not enough pairs
[M::mem_process_seqs] Processed 77340 reads in 1.760 CPU sec, 1.597 real sec
[M::process] read 77478 sequences (10000084 bp)...
[M::mem_pestat] # candidate unique pairs for (FF, FR, RF, RR): (0, 30487, 0, 3)
[M::mem_pestat] skip orientation FF as there are not enough pairs
[M::mem_pestat] analyzing insert size distribution for orientation FR...
[M::mem_pestat] (25, 50, 75) percentile: (146, 208, 295)
[M::mem_pestat] low and high boundaries for computing mean and std.dev: (1, 593)
[M::mem_pestat] mean and std.dev: (226.01, 106.43)
[M::mem_pestat] low and high boundaries for proper pairs: (1, 742)
[M::mem_pestat] skip orientation RF as there are not enough pairs
[M::mem_pestat] skip orientation RR as there are not enough pairs
[M::mem_process_seqs] Processed 75912 reads in 1.703 CPU sec, 1.536 real sec
[M::process] read 76598 sequences (10000229 bp)...
[M::mem_pestat] # candidate unique pairs for (FF, FR, RF, RR): (0, 31018, 0, 1)
[M::mem_pestat] skip orientation FF as there are not enough pairs
[M::mem_pestat] analyzing insert size distribution for orientation FR...
[M::mem_pestat] (25, 50, 75) percentile: (145, 207, 292)
[M::mem_pestat] low and high boundaries for computing mean and std.dev: (1, 586)
[M::mem_pestat] mean and std.dev: (224.28, 105.36)
[M::mem_pestat] low and high boundaries for proper pairs: (1, 733)
[M::mem_pestat] skip orientation RF as there are not enough pairs
[M::mem_pestat] skip orientation RR as there are not enough pairs
[M::mem_process_seqs] Processed 77478 reads in 1.759 CPU sec, 1.629 real sec
[M::process] read 77202 sequences (10000268 bp)...
[M::mem_pestat] # candidate unique pairs for (FF, FR, RF, RR): (3, 30582, 1, 0)
[M::mem_pestat] skip orientation FF as there are not enough pairs
[M::mem_pestat] analyzing insert size distribution for orientation FR...
[M::mem_pestat] (25, 50, 75) percentile: (145, 207, 289)
[M::mem_pestat] low and high boundaries for computing mean and std.dev: (1, 577)
[M::mem_pestat] mean and std.dev: (222.60, 103.10)
[M::mem_pestat] low and high boundaries for proper pairs: (1, 721)
[M::mem_pestat] skip orientation RF as there are not enough pairs
[M::mem_pestat] skip orientation RR as there are not enough pairs
[M::mem_process_seqs] Processed 76598 reads in 1.749 CPU sec, 1.604 real sec
[M::process] read 76734 sequences (10000237 bp)...
[M::mem_pestat] # candidate unique pairs for (FF, FR, RF, RR): (1, 30956, 1, 0)
[M::mem_pestat] skip orientation FF as there are not enough pairs
[M::mem_pestat] analyzing insert size distribution for orientation FR...
[M::mem_pestat] (25, 50, 75) percentile: (145, 208, 292)
[M::mem_pestat] low and high boundaries for computing mean and std.dev: (1, 586)
[M::mem_pestat] mean and std.dev: (225.24, 106.18)
[M::mem_pestat] low and high boundaries for proper pairs: (1, 733)
[M::mem_pestat] skip orientation RF as there are not enough pairs
[M::mem_pestat] skip orientation RR as there are not enough pairs
[M::mem_process_seqs] Processed 77202 reads in 1.894 CPU sec, 1.718 real sec
[M::process] read 76098 sequences (10000186 bp)...
[M::mem_pestat] # candidate unique pairs for (FF, FR, RF, RR): (7, 30523, 0, 4)
[M::mem_pestat] skip orientation FF as there are not enough pairs
[M::mem_pestat] analyzing insert size distribution for orientation FR...
[M::mem_pestat] (25, 50, 75) percentile: (144, 204, 284)
[M::mem_pestat] low and high boundaries for computing mean and std.dev: (1, 564)
[M::mem_pestat] mean and std.dev: (219.10, 100.02)
[M::mem_pestat] low and high boundaries for proper pairs: (1, 704)
[M::mem_pestat] skip orientation RF as there are not enough pairs
[M::mem_pestat] skip orientation RR as there are not enough pairs
[M::mem_process_seqs] Processed 76734 reads in 1.788 CPU sec, 1.624 real sec
[M::process] read 77324 sequences (10000075 bp)...
[M::mem_pestat] # candidate unique pairs for (FF, FR, RF, RR): (1, 30556, 0, 1)
[M::mem_pestat] skip orientation FF as there are not enough pairs
[M::mem_pestat] analyzing insert size distribution for orientation FR...
[M::mem_pestat] (25, 50, 75) percentile: (144, 206, 291)
[M::mem_pestat] low and high boundaries for computing mean and std.dev: (1, 585)
[M::mem_pestat] mean and std.dev: (223.63, 105.48)
[M::mem_pestat] low and high boundaries for proper pairs: (1, 732)
[M::mem_pestat] skip orientation RF as there are not enough pairs
[M::mem_pestat] skip orientation RR as there are not enough pairs
[M::mem_process_seqs] Processed 76098 reads in 1.701 CPU sec, 1.568 real sec
[M::process] read 76062 sequences (10000028 bp)...
[M::mem_pestat] # candidate unique pairs for (FF, FR, RF, RR): (1, 30863, 0, 5)
[M::mem_pestat] skip orientation FF as there are not enough pairs
[M::mem_pestat] analyzing insert size distribution for orientation FR...
[M::mem_pestat] (25, 50, 75) percentile: (144, 204, 284)
[M::mem_pestat] low and high boundaries for computing mean and std.dev: (1, 564)
[M::mem_pestat] mean and std.dev: (219.71, 100.09)
[M::mem_pestat] low and high boundaries for proper pairs: (1, 704)
[M::mem_pestat] skip orientation RF as there are not enough pairs
[M::mem_pestat] skip orientation RR as there are not enough pairs
[M::mem_process_seqs] Processed 77324 reads in 1.668 CPU sec, 1.537 real sec
[M::process] read 78636 sequences (10000064 bp)...
[M::mem_pestat] # candidate unique pairs for (FF, FR, RF, RR): (2, 30570, 0, 2)
[M::mem_pestat] skip orientation FF as there are not enough pairs
[M::mem_pestat] analyzing insert size distribution for orientation FR...
[M::mem_pestat] (25, 50, 75) percentile: (144, 206, 291)
[M::mem_pestat] low and high boundaries for computing mean and std.dev: (1, 585)
[M::mem_pestat] mean and std.dev: (223.44, 104.46)
[M::mem_pestat] low and high boundaries for proper pairs: (1, 732)
[M::mem_pestat] skip orientation RF as there are not enough pairs
[M::mem_pestat] skip orientation RR as there are not enough pairs
[M::mem_process_seqs] Processed 76062 reads in 1.655 CPU sec, 1.479 real sec
[M::process] read 77116 sequences (10000197 bp)...
[M::mem_pestat] # candidate unique pairs for (FF, FR, RF, RR): (0, 31718, 0, 2)
[M::mem_pestat] skip orientation FF as there are not enough pairs
[M::mem_pestat] analyzing insert size distribution for orientation FR...
[M::mem_pestat] (25, 50, 75) percentile: (147, 211, 299)
[M::mem_pestat] low and high boundaries for computing mean and std.dev: (1, 603)
[M::mem_pestat] mean and std.dev: (230.00, 110.98)
[M::mem_pestat] low and high boundaries for proper pairs: (1, 755)
[M::mem_pestat] skip orientation RF as there are not enough pairs
[M::mem_pestat] skip orientation RR as there are not enough pairs
[M::mem_process_seqs] Processed 78636 reads in 1.674 CPU sec, 1.499 real sec
[M::process] read 78796 sequences (10000210 bp)...
[M::mem_pestat] # candidate unique pairs for (FF, FR, RF, RR): (3, 30949, 0, 1)
[M::mem_pestat] skip orientation FF as there are not enough pairs
[M::mem_pestat] analyzing insert size distribution for orientation FR...
[M::mem_pestat] (25, 50, 75) percentile: (145, 207, 293)
[M::mem_pestat] low and high boundaries for computing mean and std.dev: (1, 589)
[M::mem_pestat] mean and std.dev: (225.16, 106.17)
[M::mem_pestat] low and high boundaries for proper pairs: (1, 737)
[M::mem_pestat] skip orientation RF as there are not enough pairs
[M::mem_pestat] skip orientation RR as there are not enough pairs
[M::mem_process_seqs] Processed 77116 reads in 1.674 CPU sec, 1.533 real sec
[M::process] read 76816 sequences (10000091 bp)...
[M::mem_pestat] # candidate unique pairs for (FF, FR, RF, RR): (2, 31608, 0, 0)
[M::mem_pestat] skip orientation FF as there are not enough pairs
[M::mem_pestat] analyzing insert size distribution for orientation FR...
[M::mem_pestat] (25, 50, 75) percentile: (147, 210, 299)
[M::mem_pestat] low and high boundaries for computing mean and std.dev: (1, 603)
[M::mem_pestat] mean and std.dev: (228.94, 109.91)
[M::mem_pestat] low and high boundaries for proper pairs: (1, 755)
[M::mem_pestat] skip orientation RF as there are not enough pairs
[M::mem_pestat] skip orientation RR as there are not enough pairs
[M::mem_process_seqs] Processed 78796 reads in 1.689 CPU sec, 1.553 real sec
[M::process] read 78490 sequences (10000159 bp)...
[M::mem_pestat] # candidate unique pairs for (FF, FR, RF, RR): (3, 30947, 0, 0)
[M::mem_pestat] skip orientation FF as there are not enough pairs
[M::mem_pestat] analyzing insert size distribution for orientation FR...
[M::mem_pestat] (25, 50, 75) percentile: (145, 208, 293)
[M::mem_pestat] low and high boundaries for computing mean and std.dev: (1, 589)
[M::mem_pestat] mean and std.dev: (225.45, 106.39)
[M::mem_pestat] low and high boundaries for proper pairs: (1, 737)
[M::mem_pestat] skip orientation RF as there are not enough pairs
[M::mem_pestat] skip orientation RR as there are not enough pairs
[M::mem_process_seqs] Processed 76816 reads in 1.661 CPU sec, 1.517 real sec
[M::process] read 77704 sequences (10000298 bp)...
[M::mem_pestat] # candidate unique pairs for (FF, FR, RF, RR): (2, 31639, 0, 4)
[M::mem_pestat] skip orientation FF as there are not enough pairs
[M::mem_pestat] analyzing insert size distribution for orientation FR...
[M::mem_pestat] (25, 50, 75) percentile: (145, 208, 297)
[M::mem_pestat] low and high boundaries for computing mean and std.dev: (1, 601)
[M::mem_pestat] mean and std.dev: (227.10, 108.90)
[M::mem_pestat] low and high boundaries for proper pairs: (1, 753)
[M::mem_pestat] skip orientation RF as there are not enough pairs
[M::mem_pestat] skip orientation RR as there are not enough pairs
[M::mem_process_seqs] Processed 78490 reads in 1.681 CPU sec, 1.522 real sec
[M::mem_pestat] # candidate unique pairs for (FF, FR, RF, RR): (2, 31244, 0, 1)
[M::mem_pestat] skip orientation FF as there are not enough pairs
[M::mem_pestat] analyzing insert size distribution for orientation FR...
[M::mem_pestat] (25, 50, 75) percentile: (145, 208, 294)
[M::mem_pestat] low and high boundaries for computing mean and std.dev: (1, 592)
[M::mem_pestat] mean and std.dev: (225.85, 107.14)
[M::mem_pestat] low and high boundaries for proper pairs: (1, 741)
[M::mem_pestat] skip orientation RF as there are not enough pairs
[M::mem_pestat] skip orientation RR as there are not enough pairs
[M::mem_process_seqs] Processed 77704 reads in 1.654 CPU sec, 1.595 real sec
[M::process] read 77716 sequences (10000255 bp)...
[M::process] read 78168 sequences (10000237 bp)...
[M::mem_pestat] # candidate unique pairs for (FF, FR, RF, RR): (3, 31504, 0, 0)
[M::mem_pestat] skip orientation FF as there are not enough pairs
[M::mem_pestat] analyzing insert size distribution for orientation FR...
[M::mem_pestat] (25, 50, 75) percentile: (147, 209, 296)
[M::mem_pestat] low and high boundaries for computing mean and std.dev: (1, 594)
[M::mem_pestat] mean and std.dev: (227.17, 107.56)
[M::mem_pestat] low and high boundaries for proper pairs: (1, 743)
[M::mem_pestat] skip orientation RF as there are not enough pairs
[M::mem_pestat] skip orientation RR as there are not enough pairs
[M::mem_process_seqs] Processed 77716 reads in 1.660 CPU sec, 1.518 real sec
[M::process] read 77666 sequences (10000113 bp)...
[M::mem_pestat] # candidate unique pairs for (FF, FR, RF, RR): (0, 31528, 0, 0)
[M::mem_pestat] skip orientation FF as there are not enough pairs
[M::mem_pestat] analyzing insert size distribution for orientation FR...
[M::mem_pestat] (25, 50, 75) percentile: (147, 209, 296)
[M::mem_pestat] low and high boundaries for computing mean and std.dev: (1, 594)
[M::mem_pestat] mean and std.dev: (226.73, 107.52)
[M::mem_pestat] low and high boundaries for proper pairs: (1, 743)
[M::mem_pestat] skip orientation RF as there are not enough pairs
[M::mem_pestat] skip orientation RR as there are not enough pairs
[M::mem_process_seqs] Processed 78168 reads in 1.653 CPU sec, 1.508 real sec
[M::process] read 78132 sequences (10000218 bp)...
[M::mem_pestat] # candidate unique pairs for (FF, FR, RF, RR): (2, 31241, 0, 1)
[M::mem_pestat] skip orientation FF as there are not enough pairs
[M::mem_pestat] analyzing insert size distribution for orientation FR...
[M::mem_pestat] (25, 50, 75) percentile: (145, 206, 289)
[M::mem_pestat] low and high boundaries for computing mean and std.dev: (1, 577)
[M::mem_pestat] mean and std.dev: (222.48, 103.18)
[M::mem_pestat] low and high boundaries for proper pairs: (1, 721)
[M::mem_pestat] skip orientation RF as there are not enough pairs
[M::mem_pestat] skip orientation RR as there are not enough pairs
[M::mem_process_seqs] Processed 77666 reads in 1.679 CPU sec, 1.514 real sec
[M::process] read 77242 sequences (10000285 bp)...
[M::mem_pestat] # candidate unique pairs for (FF, FR, RF, RR): (1, 31299, 0, 3)
[M::mem_pestat] skip orientation FF as there are not enough pairs
[M::mem_pestat] analyzing insert size distribution for orientation FR...
[M::mem_pestat] (25, 50, 75) percentile: (144, 208, 292)
[M::mem_pestat] low and high boundaries for computing mean and std.dev: (1, 588)
[M::mem_pestat] mean and std.dev: (224.43, 106.12)
[M::mem_pestat] low and high boundaries for proper pairs: (1, 736)
[M::mem_pestat] skip orientation RF as there are not enough pairs
[M::mem_pestat] skip orientation RR as there are not enough pairs
[M::mem_process_seqs] Processed 78132 reads in 1.669 CPU sec, 1.515 real sec
[M::process] read 78420 sequences (10000017 bp)...
[M::mem_pestat] # candidate unique pairs for (FF, FR, RF, RR): (6, 30846, 0, 0)
[M::mem_pestat] skip orientation FF as there are not enough pairs
[M::mem_pestat] analyzing insert size distribution for orientation FR...
[M::mem_pestat] (25, 50, 75) percentile: (144, 206, 289)
[M::mem_pestat] low and high boundaries for computing mean and std.dev: (1, 579)
[M::mem_pestat] mean and std.dev: (222.14, 103.57)
[M::mem_pestat] low and high boundaries for proper pairs: (1, 724)
[M::mem_pestat] skip orientation RF as there are not enough pairs
[M::mem_pestat] skip orientation RR as there are not enough pairs
[M::mem_process_seqs] Processed 77242 reads in 1.651 CPU sec, 1.494 real sec
[M::process] read 77290 sequences (10000124 bp)...
[M::mem_pestat] # candidate unique pairs for (FF, FR, RF, RR): (3, 31711, 1, 2)
[M::mem_pestat] skip orientation FF as there are not enough pairs
[M::mem_pestat] analyzing insert size distribution for orientation FR...
[M::mem_pestat] (25, 50, 75) percentile: (146, 209, 296)
[M::mem_pestat] low and high boundaries for computing mean and std.dev: (1, 596)
[M::mem_pestat] mean and std.dev: (227.29, 108.77)
[M::mem_pestat] low and high boundaries for proper pairs: (1, 746)
[M::mem_pestat] skip orientation RF as there are not enough pairs
[M::mem_pestat] skip orientation RR as there are not enough pairs
[M::mem_process_seqs] Processed 78420 reads in 1.703 CPU sec, 1.550 real sec
[M::process] read 77322 sequences (10000144 bp)...
[M::mem_pestat] # candidate unique pairs for (FF, FR, RF, RR): (3, 30952, 0, 4)
[M::mem_pestat] skip orientation FF as there are not enough pairs
[M::mem_pestat] analyzing insert size distribution for orientation FR...
[M::mem_pestat] (25, 50, 75) percentile: (144, 206, 289)
[M::mem_pestat] low and high boundaries for computing mean and std.dev: (1, 579)
[M::mem_pestat] mean and std.dev: (222.22, 103.88)
[M::mem_pestat] low and high boundaries for proper pairs: (1, 724)
[M::mem_pestat] skip orientation RF as there are not enough pairs
[M::mem_pestat] skip orientation RR as there are not enough pairs
[M::mem_process_seqs] Processed 77290 reads in 1.712 CPU sec, 1.518 real sec
[M::process] read 77292 sequences (10000086 bp)...
[M::mem_pestat] # candidate unique pairs for (FF, FR, RF, RR): (3, 31136, 0, 0)
[M::mem_pestat] skip orientation FF as there are not enough pairs
[M::mem_pestat] analyzing insert size distribution for orientation FR...
[M::mem_pestat] (25, 50, 75) percentile: (146, 209, 295)
[M::mem_pestat] low and high boundaries for computing mean and std.dev: (1, 593)
[M::mem_pestat] mean and std.dev: (226.94, 106.99)
[M::mem_pestat] low and high boundaries for proper pairs: (1, 742)
[M::mem_pestat] skip orientation RF as there are not enough pairs
[M::mem_pestat] skip orientation RR as there are not enough pairs
[M::mem_process_seqs] Processed 77322 reads in 1.665 CPU sec, 1.509 real sec
[M::process] read 78110 sequences (10000232 bp)...
[M::mem_pestat] # candidate unique pairs for (FF, FR, RF, RR): (3, 31007, 1, 1)
[M::mem_pestat] skip orientation FF as there are not enough pairs
[M::mem_pestat] analyzing insert size distribution for orientation FR...
[M::mem_pestat] (25, 50, 75) percentile: (146, 208, 295)
[M::mem_pestat] low and high boundaries for computing mean and std.dev: (1, 593)
[M::mem_pestat] mean and std.dev: (226.78, 107.38)
[M::mem_pestat] low and high boundaries for proper pairs: (1, 742)
[M::mem_pestat] skip orientation RF as there are not enough pairs
[M::mem_pestat] skip orientation RR as there are not enough pairs
[M::mem_process_seqs] Processed 77292 reads in 1.673 CPU sec, 1.526 real sec
[M::process] read 76720 sequences (10000182 bp)...
[M::mem_pestat] # candidate unique pairs for (FF, FR, RF, RR): (2, 31291, 0, 2)
[M::mem_pestat] skip orientation FF as there are not enough pairs
[M::mem_pestat] analyzing insert size distribution for orientation FR...
[M::mem_pestat] (25, 50, 75) percentile: (146, 208, 292)
[M::mem_pestat] low and high boundaries for computing mean and std.dev: (1, 584)
[M::mem_pestat] mean and std.dev: (225.06, 105.37)
[M::mem_pestat] low and high boundaries for proper pairs: (1, 730)
[M::mem_pestat] skip orientation RF as there are not enough pairs
[M::mem_pestat] skip orientation RR as there are not enough pairs
[M::mem_process_seqs] Processed 78110 reads in 1.689 CPU sec, 1.541 real sec
[M::process] read 78196 sequences (10000085 bp)...
[M::mem_pestat] # candidate unique pairs for (FF, FR, RF, RR): (2, 30679, 0, 1)
[M::mem_pestat] skip orientation FF as there are not enough pairs
[M::mem_pestat] analyzing insert size distribution for orientation FR...
[M::mem_pestat] (25, 50, 75) percentile: (147, 210, 297)
[M::mem_pestat] low and high boundaries for computing mean and std.dev: (1, 597)
[M::mem_pestat] mean and std.dev: (228.06, 107.62)
[M::mem_pestat] low and high boundaries for proper pairs: (1, 747)
[M::mem_pestat] skip orientation RF as there are not enough pairs
[M::mem_pestat] skip orientation RR as there are not enough pairs
[M::mem_process_seqs] Processed 76720 reads in 1.657 CPU sec, 1.507 real sec
[M::process] read 76870 sequences (10000222 bp)...
[M::mem_pestat] # candidate unique pairs for (FF, FR, RF, RR): (1, 31128, 0, 3)
[M::mem_pestat] skip orientation FF as there are not enough pairs
[M::mem_pestat] analyzing insert size distribution for orientation FR...
[M::mem_pestat] (25, 50, 75) percentile: (146, 208, 291)
[M::mem_pestat] low and high boundaries for computing mean and std.dev: (1, 581)
[M::mem_pestat] mean and std.dev: (224.28, 103.76)
[M::mem_pestat] low and high boundaries for proper pairs: (1, 726)
[M::mem_pestat] skip orientation RF as there are not enough pairs
[M::mem_pestat] skip orientation RR as there are not enough pairs
[M::mem_process_seqs] Processed 78196 reads in 1.675 CPU sec, 1.532 real sec
[M::process] read 78742 sequences (10000100 bp)...
[M::mem_pestat] # candidate unique pairs for (FF, FR, RF, RR): (1, 30974, 0, 1)
[M::mem_pestat] skip orientation FF as there are not enough pairs
[M::mem_pestat] analyzing insert size distribution for orientation FR...
[M::mem_pestat] (25, 50, 75) percentile: (147, 208, 295)
[M::mem_pestat] low and high boundaries for computing mean and std.dev: (1, 591)
[M::mem_pestat] mean and std.dev: (226.22, 106.15)
[M::mem_pestat] low and high boundaries for proper pairs: (1, 739)
[M::mem_pestat] skip orientation RF as there are not enough pairs
[M::mem_pestat] skip orientation RR as there are not enough pairs
[M::mem_process_seqs] Processed 76870 reads in 1.643 CPU sec, 1.495 real sec
[M::process] read 77788 sequences (10000120 bp)...
[M::mem_pestat] # candidate unique pairs for (FF, FR, RF, RR): (1, 31491, 0, 1)
[M::mem_pestat] skip orientation FF as there are not enough pairs
[M::mem_pestat] analyzing insert size distribution for orientation FR...
[M::mem_pestat] (25, 50, 75) percentile: (144, 205, 287)
[M::mem_pestat] low and high boundaries for computing mean and std.dev: (1, 573)
[M::mem_pestat] mean and std.dev: (221.12, 102.73)
[M::mem_pestat] low and high boundaries for proper pairs: (1, 716)
[M::mem_pestat] skip orientation RF as there are not enough pairs
[M::mem_pestat] skip orientation RR as there are not enough pairs
[M::mem_process_seqs] Processed 78742 reads in 1.668 CPU sec, 1.573 real sec
[M::process] read 78738 sequences (10000285 bp)...
[M::mem_pestat] # candidate unique pairs for (FF, FR, RF, RR): (1, 31316, 0, 2)
[M::mem_pestat] skip orientation FF as there are not enough pairs
[M::mem_pestat] analyzing insert size distribution for orientation FR...
[M::mem_pestat] (25, 50, 75) percentile: (145, 207, 292)
[M::mem_pestat] low and high boundaries for computing mean and std.dev: (1, 586)
[M::mem_pestat] mean and std.dev: (224.34, 105.69)
[M::mem_pestat] low and high boundaries for proper pairs: (1, 733)
[M::mem_pestat] skip orientation RF as there are not enough pairs
[M::mem_pestat] skip orientation RR as there are not enough pairs
[M::mem_process_seqs] Processed 77788 reads in 1.694 CPU sec, 1.559 real sec
[M::process] read 77378 sequences (10000250 bp)...
[M::mem_pestat] # candidate unique pairs for (FF, FR, RF, RR): (0, 31407, 0, 1)
[M::mem_pestat] skip orientation FF as there are not enough pairs
[M::mem_pestat] analyzing insert size distribution for orientation FR...
[M::mem_pestat] (25, 50, 75) percentile: (145, 206, 289)
[M::mem_pestat] low and high boundaries for computing mean and std.dev: (1, 577)
[M::mem_pestat] mean and std.dev: (222.50, 103.35)
[M::mem_pestat] low and high boundaries for proper pairs: (1, 721)
[M::mem_pestat] skip orientation RF as there are not enough pairs
[M::mem_pestat] skip orientation RR as there are not enough pairs
[M::mem_process_seqs] Processed 78738 reads in 1.683 CPU sec, 1.534 real sec
[M::process] read 77830 sequences (10000052 bp)...
[M::mem_pestat] # candidate unique pairs for (FF, FR, RF, RR): (3, 31046, 1, 1)
[M::mem_pestat] skip orientation FF as there are not enough pairs
[M::mem_pestat] analyzing insert size distribution for orientation FR...
[M::mem_pestat] (25, 50, 75) percentile: (144, 207, 292)
[M::mem_pestat] low and high boundaries for computing mean and std.dev: (1, 588)
[M::mem_pestat] mean and std.dev: (224.00, 105.18)
[M::mem_pestat] low and high boundaries for proper pairs: (1, 736)
[M::mem_pestat] skip orientation RF as there are not enough pairs
[M::mem_pestat] skip orientation RR as there are not enough pairs
[M::mem_process_seqs] Processed 77378 reads in 1.738 CPU sec, 1.584 real sec
[M::process] read 77634 sequences (10000107 bp)...
[M::mem_pestat] # candidate unique pairs for (FF, FR, RF, RR): (4, 31022, 0, 0)
[M::mem_pestat] skip orientation FF as there are not enough pairs
[M::mem_pestat] analyzing insert size distribution for orientation FR...
[M::mem_pestat] (25, 50, 75) percentile: (145, 205, 288)
[M::mem_pestat] low and high boundaries for computing mean and std.dev: (1, 574)
[M::mem_pestat] mean and std.dev: (221.91, 102.46)
[M::mem_pestat] low and high boundaries for proper pairs: (1, 717)
[M::mem_pestat] skip orientation RF as there are not enough pairs
[M::mem_pestat] skip orientation RR as there are not enough pairs
[M::mem_process_seqs] Processed 77830 reads in 1.732 CPU sec, 1.585 real sec
[M::process] read 77830 sequences (10000064 bp)...
[M::mem_pestat] # candidate unique pairs for (FF, FR, RF, RR): (1, 31155, 0, 3)
[M::mem_pestat] skip orientation FF as there are not enough pairs
[M::mem_pestat] analyzing insert size distribution for orientation FR...
[M::mem_pestat] (25, 50, 75) percentile: (144, 206, 291)
[M::mem_pestat] low and high boundaries for computing mean and std.dev: (1, 585)
[M::mem_pestat] mean and std.dev: (223.64, 105.36)
[M::mem_pestat] low and high boundaries for proper pairs: (1, 732)
[M::mem_pestat] skip orientation RF as there are not enough pairs
[M::mem_pestat] skip orientation RR as there are not enough pairs
[M::mem_process_seqs] Processed 77634 reads in 1.653 CPU sec, 1.507 real sec
[M::process] read 27830 sequences (3530337 bp)...
[M::mem_pestat] # candidate unique pairs for (FF, FR, RF, RR): (1, 31135, 0, 1)
[M::mem_pestat] skip orientation FF as there are not enough pairs
[M::mem_pestat] analyzing insert size distribution for orientation FR...
[M::mem_pestat] (25, 50, 75) percentile: (144, 205, 286)
[M::mem_pestat] low and high boundaries for computing mean and std.dev: (1, 570)
[M::mem_pestat] mean and std.dev: (220.10, 101.07)
[M::mem_pestat] low and high boundaries for proper pairs: (1, 712)
[M::mem_pestat] skip orientation RF as there are not enough pairs
[M::mem_pestat] skip orientation RR as there are not enough pairs
[M::mem_process_seqs] Processed 77830 reads in 1.603 CPU sec, 1.519 real sec
[M::mem_pestat] # candidate unique pairs for (FF, FR, RF, RR): (0, 11089, 0, 0)
[M::mem_pestat] skip orientation FF as there are not enough pairs
[M::mem_pestat] analyzing insert size distribution for orientation FR...
[M::mem_pestat] (25, 50, 75) percentile: (142, 202, 281)
[M::mem_pestat] low and high boundaries for computing mean and std.dev: (1, 559)
[M::mem_pestat] mean and std.dev: (216.41, 97.85)
[M::mem_pestat] low and high boundaries for proper pairs: (1, 698)
[M::mem_pestat] skip orientation RF as there are not enough pairs
[M::mem_pestat] skip orientation RR as there are not enough pairs
[M::mem_process_seqs] Processed 27830 reads in 0.617 CPU sec, 0.565 real sec
[main] Version: 0.7.19-r1273
[main] CMD: bwa mem h1n1/h1n1.fasta ERR4552844_1_paired.fq.gz ERR4552844_2_paired.fq.gz
[main] Real time: 84.985 sec; CPU: 90.716 sec
