[M::bwa_idx_load_from_disk] read 0 ALT contigs
[M::process] read 139104 sequences (10000040 bp)...
[M::process] read 139690 sequences (10000118 bp)...
[M::mem_pestat] # candidate unique pairs for (FF, FR, RF, RR): (44, 65030, 9, 49)
[M::mem_pestat] analyzing insert size distribution for orientation FF...
[M::mem_pestat] (25, 50, 75) percentile: (172, 228, 1357)
[M::mem_pestat] low and high boundaries for computing mean and std.dev: (1, 3727)
[M::mem_pestat] mean and std.dev: (670.00, 719.95)
[M::mem_pestat] low and high boundaries for proper pairs: (1, 4912)
[M::mem_pestat] analyzing insert size distribution for orientation FR...
[M::mem_pestat] (25, 50, 75) percentile: (101, 155, 249)
[M::mem_pestat] low and high boundaries for computing mean and std.dev: (1, 545)
[M::mem_pestat] mean and std.dev: (151.40, 75.64)
[M::mem_pestat] low and high boundaries for proper pairs: (1, 693)
[M::mem_pestat] skip orientation RF as there are not enough pairs
[M::mem_pestat] analyzing insert size distribution for orientation RR...
[M::mem_pestat] (25, 50, 75) percentile: (114, 186, 556)
[M::mem_pestat] low and high boundaries for computing mean and std.dev: (1, 1440)
[M::mem_pestat] mean and std.dev: (256.14, 295.03)
[M::mem_pestat] low and high boundaries for proper pairs: (1, 1882)
[M::mem_pestat] skip orientation FF
[M::mem_pestat] skip orientation RR
[M::mem_process_seqs] Processed 139104 reads in 2.694 CPU sec, 2.567 real sec
[M::process] read 140018 sequences (10000012 bp)...
[M::mem_pestat] # candidate unique pairs for (FF, FR, RF, RR): (51, 65423, 11, 48)
[M::mem_pestat] analyzing insert size distribution for orientation FF...
[M::mem_pestat] (25, 50, 75) percentile: (112, 247, 1765)
[M::mem_pestat] low and high boundaries for computing mean and std.dev: (1, 5071)
[M::mem_pestat] mean and std.dev: (796.25, 798.80)
[M::mem_pestat] low and high boundaries for proper pairs: (1, 6724)
[M::mem_pestat] analyzing insert size distribution for orientation FR...
[M::mem_pestat] (25, 50, 75) percentile: (95, 148, 241)
[M::mem_pestat] low and high boundaries for computing mean and std.dev: (1, 533)
[M::mem_pestat] mean and std.dev: (146.44, 74.63)
[M::mem_pestat] low and high boundaries for proper pairs: (1, 679)
[M::mem_pestat] analyzing insert size distribution for orientation RF...
[M::mem_pestat] (25, 50, 75) percentile: (726, 1439, 1756)
[M::mem_pestat] low and high boundaries for computing mean and std.dev: (1, 3816)
[M::mem_pestat] mean and std.dev: (1186.91, 673.89)
[M::mem_pestat] low and high boundaries for proper pairs: (1, 4846)
[M::mem_pestat] analyzing insert size distribution for orientation RR...
[M::mem_pestat] (25, 50, 75) percentile: (112, 281, 1593)
[M::mem_pestat] low and high boundaries for computing mean and std.dev: (1, 4555)
[M::mem_pestat] mean and std.dev: (711.42, 789.42)
[M::mem_pestat] low and high boundaries for proper pairs: (1, 6036)
[M::mem_pestat] skip orientation FF
[M::mem_pestat] skip orientation RF
[M::mem_pestat] skip orientation RR
[M::mem_process_seqs] Processed 139690 reads in 2.786 CPU sec, 2.576 real sec
[M::process] read 140004 sequences (10000105 bp)...
[M::mem_pestat] # candidate unique pairs for (FF, FR, RF, RR): (49, 65698, 9, 52)
[M::mem_pestat] analyzing insert size distribution for orientation FF...
[M::mem_pestat] (25, 50, 75) percentile: (170, 301, 1542)
[M::mem_pestat] low and high boundaries for computing mean and std.dev: (1, 4286)
[M::mem_pestat] mean and std.dev: (750.63, 736.21)
[M::mem_pestat] low and high boundaries for proper pairs: (1, 5658)
[M::mem_pestat] analyzing insert size distribution for orientation FR...
[M::mem_pestat] (25, 50, 75) percentile: (95, 149, 238)
[M::mem_pestat] low and high boundaries for computing mean and std.dev: (1, 524)
[M::mem_pestat] mean and std.dev: (145.47, 73.00)
[M::mem_pestat] low and high boundaries for proper pairs: (1, 667)
[M::mem_pestat] skip orientation RF as there are not enough pairs
[M::mem_pestat] analyzing insert size distribution for orientation RR...
[M::mem_pestat] (25, 50, 75) percentile: (118, 232, 969)
[M::mem_pestat] low and high boundaries for computing mean and std.dev: (1, 2671)
[M::mem_pestat] mean and std.dev: (581.58, 682.39)
[M::mem_pestat] low and high boundaries for proper pairs: (1, 3522)
[M::mem_pestat] skip orientation FF
[M::mem_pestat] skip orientation RR
[M::mem_process_seqs] Processed 140018 reads in 2.803 CPU sec, 2.591 real sec
[M::process] read 139950 sequences (10000118 bp)...
[M::mem_pestat] # candidate unique pairs for (FF, FR, RF, RR): (37, 65253, 11, 38)
[M::mem_pestat] analyzing insert size distribution for orientation FF...
[M::mem_pestat] (25, 50, 75) percentile: (150, 214, 1318)
[M::mem_pestat] low and high boundaries for computing mean and std.dev: (1, 3654)
[M::mem_pestat] mean and std.dev: (631.76, 742.58)
[M::mem_pestat] low and high boundaries for proper pairs: (1, 4822)
[M::mem_pestat] analyzing insert size distribution for orientation FR...
[M::mem_pestat] (25, 50, 75) percentile: (94, 144, 227)
[M::mem_pestat] low and high boundaries for computing mean and std.dev: (1, 493)
[M::mem_pestat] mean and std.dev: (141.95, 69.94)
[M::mem_pestat] low and high boundaries for proper pairs: (1, 626)
[M::mem_pestat] analyzing insert size distribution for orientation RF...
[M::mem_pestat] (25, 50, 75) percentile: (446, 1386, 1663)
[M::mem_pestat] low and high boundaries for computing mean and std.dev: (1, 4097)
[M::mem_pestat] mean and std.dev: (1049.27, 652.99)
[M::mem_pestat] low and high boundaries for proper pairs: (1, 5314)
[M::mem_pestat] analyzing insert size distribution for orientation RR...
[M::mem_pestat] (25, 50, 75) percentile: (99, 154, 446)
[M::mem_pestat] low and high boundaries for computing mean and std.dev: (1, 1140)
[M::mem_pestat] mean and std.dev: (163.83, 112.38)
[M::mem_pestat] low and high boundaries for proper pairs: (1, 1487)
[M::mem_pestat] skip orientation FF
[M::mem_pestat] skip orientation RF
[M::mem_pestat] skip orientation RR
[M::mem_process_seqs] Processed 140004 reads in 2.798 CPU sec, 2.692 real sec
[M::process] read 140066 sequences (10000088 bp)...
[M::mem_pestat] # candidate unique pairs for (FF, FR, RF, RR): (49, 65259, 6, 49)
[M::mem_pestat] analyzing insert size distribution for orientation FF...
[M::mem_pestat] (25, 50, 75) percentile: (96, 189, 872)
[M::mem_pestat] low and high boundaries for computing mean and std.dev: (1, 2424)
[M::mem_pestat] mean and std.dev: (550.41, 695.82)
[M::mem_pestat] low and high boundaries for proper pairs: (1, 3334)
[M::mem_pestat] analyzing insert size distribution for orientation FR...
[M::mem_pestat] (25, 50, 75) percentile: (93, 145, 231)
[M::mem_pestat] low and high boundaries for computing mean and std.dev: (1, 507)
[M::mem_pestat] mean and std.dev: (142.65, 71.60)
[M::mem_pestat] low and high boundaries for proper pairs: (1, 645)
[M::mem_pestat] skip orientation RF as there are not enough pairs
[M::mem_pestat] analyzing insert size distribution for orientation RR...
[M::mem_pestat] (25, 50, 75) percentile: (91, 147, 661)
[M::mem_pestat] low and high boundaries for computing mean and std.dev: (1, 1801)
[M::mem_pestat] mean and std.dev: (296.93, 364.29)
[M::mem_pestat] low and high boundaries for proper pairs: (1, 2371)
[M::mem_pestat] skip orientation FF
[M::mem_pestat] skip orientation RR
[M::mem_process_seqs] Processed 139950 reads in 2.933 CPU sec, 3.171 real sec
[M::process] read 140532 sequences (10000090 bp)...
[M::mem_pestat] # candidate unique pairs for (FF, FR, RF, RR): (41, 65572, 11, 34)
[M::mem_pestat] analyzing insert size distribution for orientation FF...
[M::mem_pestat] (25, 50, 75) percentile: (160, 326, 1524)
[M::mem_pestat] low and high boundaries for computing mean and std.dev: (1, 4252)
[M::mem_pestat] mean and std.dev: (772.44, 718.36)
[M::mem_pestat] low and high boundaries for proper pairs: (1, 5616)
[M::mem_pestat] analyzing insert size distribution for orientation FR...
[M::mem_pestat] (25, 50, 75) percentile: (93, 145, 234)
[M::mem_pestat] low and high boundaries for computing mean and std.dev: (1, 516)
[M::mem_pestat] mean and std.dev: (143.26, 72.15)
[M::mem_pestat] low and high boundaries for proper pairs: (1, 657)
[M::mem_pestat] analyzing insert size distribution for orientation RF...
[M::mem_pestat] (25, 50, 75) percentile: (1270, 1377, 1664)
[M::mem_pestat] low and high boundaries for computing mean and std.dev: (482, 2452)
[M::mem_pestat] mean and std.dev: (1498.33, 344.20)
[M::mem_pestat] low and high boundaries for proper pairs: (88, 2875)
[M::mem_pestat] analyzing insert size distribution for orientation RR...
[M::mem_pestat] (25, 50, 75) percentile: (94, 272, 413)
[M::mem_pestat] low and high boundaries for computing mean and std.dev: (1, 1051)
[M::mem_pestat] mean and std.dev: (231.03, 178.99)
[M::mem_pestat] low and high boundaries for proper pairs: (1, 1370)
[M::mem_pestat] skip orientation FF
[M::mem_pestat] skip orientation RF
[M::mem_pestat] skip orientation RR
[M::mem_process_seqs] Processed 140066 reads in 2.808 CPU sec, 2.611 real sec
[M::process] read 139802 sequences (10000094 bp)...
[M::mem_pestat] # candidate unique pairs for (FF, FR, RF, RR): (55, 65625, 9, 46)
[M::mem_pestat] analyzing insert size distribution for orientation FF...
[M::mem_pestat] (25, 50, 75) percentile: (102, 202, 1495)
[M::mem_pestat] low and high boundaries for computing mean and std.dev: (1, 4281)
[M::mem_pestat] mean and std.dev: (698.24, 749.86)
[M::mem_pestat] low and high boundaries for proper pairs: (1, 5674)
[M::mem_pestat] analyzing insert size distribution for orientation FR...
[M::mem_pestat] (25, 50, 75) percentile: (93, 142, 224)
[M::mem_pestat] low and high boundaries for computing mean and std.dev: (1, 486)
[M::mem_pestat] mean and std.dev: (140.12, 68.69)
[M::mem_pestat] low and high boundaries for proper pairs: (1, 617)
[M::mem_pestat] skip orientation RF as there are not enough pairs
[M::mem_pestat] analyzing insert size distribution for orientation RR...
[M::mem_pestat] (25, 50, 75) percentile: (140, 240, 1256)
[M::mem_pestat] low and high boundaries for computing mean and std.dev: (1, 3488)
[M::mem_pestat] mean and std.dev: (688.11, 733.23)
[M::mem_pestat] low and high boundaries for proper pairs: (1, 4604)
[M::mem_pestat] skip orientation FF
[M::mem_pestat] skip orientation RR
[M::mem_process_seqs] Processed 140532 reads in 2.815 CPU sec, 2.614 real sec
[M::process] read 139376 sequences (10000087 bp)...
[M::mem_pestat] # candidate unique pairs for (FF, FR, RF, RR): (69, 65182, 7, 43)
[M::mem_pestat] analyzing insert size distribution for orientation FF...
[M::mem_pestat] (25, 50, 75) percentile: (111, 237, 1134)
[M::mem_pestat] low and high boundaries for computing mean and std.dev: (1, 3180)
[M::mem_pestat] mean and std.dev: (587.57, 657.78)
[M::mem_pestat] low and high boundaries for proper pairs: (1, 4203)
[M::mem_pestat] analyzing insert size distribution for orientation FR...
[M::mem_pestat] (25, 50, 75) percentile: (95, 148, 235)
[M::mem_pestat] low and high boundaries for computing mean and std.dev: (1, 515)
[M::mem_pestat] mean and std.dev: (144.48, 72.00)
[M::mem_pestat] low and high boundaries for proper pairs: (1, 655)
[M::mem_pestat] skip orientation RF as there are not enough pairs
[M::mem_pestat] analyzing insert size distribution for orientation RR...
[M::mem_pestat] (25, 50, 75) percentile: (117, 190, 1198)
[M::mem_pestat] low and high boundaries for computing mean and std.dev: (1, 3360)
[M::mem_pestat] mean and std.dev: (619.44, 726.48)
[M::mem_pestat] low and high boundaries for proper pairs: (1, 4441)
[M::mem_pestat] skip orientation FF
[M::mem_pestat] skip orientation RR
[M::mem_process_seqs] Processed 139802 reads in 2.802 CPU sec, 2.599 real sec
[M::process] read 138766 sequences (10000055 bp)...
[M::mem_pestat] # candidate unique pairs for (FF, FR, RF, RR): (45, 65430, 12, 57)
[M::mem_pestat] analyzing insert size distribution for orientation FF...
[M::mem_pestat] (25, 50, 75) percentile: (120, 234, 1398)
[M::mem_pestat] low and high boundaries for computing mean and std.dev: (1, 3954)
[M::mem_pestat] mean and std.dev: (694.56, 721.27)
[M::mem_pestat] low and high boundaries for proper pairs: (1, 5232)
[M::mem_pestat] analyzing insert size distribution for orientation FR...
[M::mem_pestat] (25, 50, 75) percentile: (97, 153, 247)
[M::mem_pestat] low and high boundaries for computing mean and std.dev: (1, 547)
[M::mem_pestat] mean and std.dev: (148.97, 75.92)
[M::mem_pestat] low and high boundaries for proper pairs: (1, 697)
[M::mem_pestat] analyzing insert size distribution for orientation RF...
[M::mem_pestat] (25, 50, 75) percentile: (277, 711, 1607)
[M::mem_pestat] low and high boundaries for computing mean and std.dev: (1, 4267)
[M::mem_pestat] mean and std.dev: (890.83, 698.24)
[M::mem_pestat] low and high boundaries for proper pairs: (1, 5597)
[M::mem_pestat] analyzing insert size distribution for orientation RR...
[M::mem_pestat] (25, 50, 75) percentile: (188, 310, 1529)
[M::mem_pestat] low and high boundaries for computing mean and std.dev: (1, 4211)
[M::mem_pestat] mean and std.dev: (720.89, 722.89)
[M::mem_pestat] low and high boundaries for proper pairs: (1, 5552)
[M::mem_pestat] skip orientation FF
[M::mem_pestat] skip orientation RF
[M::mem_pestat] skip orientation RR
[M::mem_process_seqs] Processed 139376 reads in 2.804 CPU sec, 2.605 real sec
[M::process] read 140234 sequences (10000129 bp)...
[M::mem_pestat] # candidate unique pairs for (FF, FR, RF, RR): (53, 65410, 9, 59)
[M::mem_pestat] analyzing insert size distribution for orientation FF...
[M::mem_pestat] (25, 50, 75) percentile: (120, 244, 1190)
[M::mem_pestat] low and high boundaries for computing mean and std.dev: (1, 3330)
[M::mem_pestat] mean and std.dev: (626.34, 699.79)
[M::mem_pestat] low and high boundaries for proper pairs: (1, 4400)
[M::mem_pestat] analyzing insert size distribution for orientation FR...
[M::mem_pestat] (25, 50, 75) percentile: (104, 160, 259)
[M::mem_pestat] low and high boundaries for computing mean and std.dev: (1, 569)
[M::mem_pestat] mean and std.dev: (156.01, 78.99)
[M::mem_pestat] low and high boundaries for proper pairs: (1, 724)
[M::mem_pestat] skip orientation RF as there are not enough pairs
[M::mem_pestat] analyzing insert size distribution for orientation RR...
[M::mem_pestat] (25, 50, 75) percentile: (167, 272, 1605)
[M::mem_pestat] low and high boundaries for computing mean and std.dev: (1, 4481)
[M::mem_pestat] mean and std.dev: (708.20, 748.97)
[M::mem_pestat] low and high boundaries for proper pairs: (1, 5919)
[M::mem_pestat] skip orientation FF
[M::mem_pestat] skip orientation RR
[M::mem_process_seqs] Processed 138766 reads in 2.804 CPU sec, 2.506 real sec
[M::process] read 139728 sequences (10000095 bp)...
[M::mem_pestat] # candidate unique pairs for (FF, FR, RF, RR): (41, 65276, 10, 35)
[M::mem_pestat] analyzing insert size distribution for orientation FF...
[M::mem_pestat] (25, 50, 75) percentile: (78, 174, 813)
[M::mem_pestat] low and high boundaries for computing mean and std.dev: (1, 2283)
[M::mem_pestat] mean and std.dev: (458.56, 588.71)
[M::mem_pestat] low and high boundaries for proper pairs: (1, 3018)
[M::mem_pestat] analyzing insert size distribution for orientation FR...
[M::mem_pestat] (25, 50, 75) percentile: (92, 141, 222)
[M::mem_pestat] low and high boundaries for computing mean and std.dev: (1, 482)
[M::mem_pestat] mean and std.dev: (139.29, 68.32)
[M::mem_pestat] low and high boundaries for proper pairs: (1, 612)
[M::mem_pestat] analyzing insert size distribution for orientation RF...
[M::mem_pestat] (25, 50, 75) percentile: (1438, 1484, 1606)
[M::mem_pestat] low and high boundaries for computing mean and std.dev: (1102, 1942)
[M::mem_pestat] mean and std.dev: (1543.12, 98.77)
[M::mem_pestat] low and high boundaries for proper pairs: (934, 2110)
[M::mem_pestat] analyzing insert size distribution for orientation RR...
[M::mem_pestat] (25, 50, 75) percentile: (126, 172, 263)
[M::mem_pestat] low and high boundaries for computing mean and std.dev: (1, 537)
[M::mem_pestat] mean and std.dev: (168.17, 78.78)
[M::mem_pestat] low and high boundaries for proper pairs: (1, 674)
[M::mem_pestat] skip orientation FF
[M::mem_pestat] skip orientation RF
[M::mem_pestat] skip orientation RR
[M::mem_process_seqs] Processed 140234 reads in 2.812 CPU sec, 2.441 real sec
[M::process] read 139496 sequences (10000115 bp)...
[M::mem_pestat] # candidate unique pairs for (FF, FR, RF, RR): (69, 65446, 10, 52)
[M::mem_pestat] analyzing insert size distribution for orientation FF...
[M::mem_pestat] (25, 50, 75) percentile: (108, 189, 441)
[M::mem_pestat] low and high boundaries for computing mean and std.dev: (1, 1107)
[M::mem_pestat] mean and std.dev: (187.65, 158.68)
[M::mem_pestat] low and high boundaries for proper pairs: (1, 1440)
[M::mem_pestat] analyzing insert size distribution for orientation FR...
[M::mem_pestat] (25, 50, 75) percentile: (94, 148, 238)
[M::mem_pestat] low and high boundaries for computing mean and std.dev: (1, 526)
[M::mem_pestat] mean and std.dev: (144.76, 73.26)
[M::mem_pestat] low and high boundaries for proper pairs: (1, 670)
[M::mem_pestat] analyzing insert size distribution for orientation RF...
[M::mem_pestat] (25, 50, 75) percentile: (1161, 1674, 1718)
[M::mem_pestat] low and high boundaries for computing mean and std.dev: (47, 2832)
[M::mem_pestat] mean and std.dev: (1431.00, 441.22)
[M::mem_pestat] low and high boundaries for proper pairs: (1, 3389)
[M::mem_pestat] analyzing insert size distribution for orientation RR...
[M::mem_pestat] (25, 50, 75) percentile: (101, 255, 1516)
[M::mem_pestat] low and high boundaries for computing mean and std.dev: (1, 4346)
[M::mem_pestat] mean and std.dev: (677.35, 746.07)
[M::mem_pestat] low and high boundaries for proper pairs: (1, 5761)
[M::mem_pestat] skip orientation FF
[M::mem_pestat] skip orientation RF
[M::mem_pestat] skip orientation RR
[M::mem_process_seqs] Processed 139728 reads in 2.790 CPU sec, 2.586 real sec
[M::process] read 140186 sequences (10000100 bp)...
[M::mem_pestat] # candidate unique pairs for (FF, FR, RF, RR): (52, 65430, 7, 46)
[M::mem_pestat] analyzing insert size distribution for orientation FF...
[M::mem_pestat] (25, 50, 75) percentile: (180, 279, 1531)
[M::mem_pestat] low and high boundaries for computing mean and std.dev: (1, 4233)
[M::mem_pestat] mean and std.dev: (709.27, 719.36)
[M::mem_pestat] low and high boundaries for proper pairs: (1, 5584)
[M::mem_pestat] analyzing insert size distribution for orientation FR...
[M::mem_pestat] (25, 50, 75) percentile: (95, 148, 237)
[M::mem_pestat] low and high boundaries for computing mean and std.dev: (1, 521)
[M::mem_pestat] mean and std.dev: (145.24, 72.94)
[M::mem_pestat] low and high boundaries for proper pairs: (1, 663)
[M::mem_pestat] skip orientation RF as there are not enough pairs
[M::mem_pestat] analyzing insert size distribution for orientation RR...
[M::mem_pestat] (25, 50, 75) percentile: (98, 191, 1007)
[M::mem_pestat] low and high boundaries for computing mean and std.dev: (1, 2825)
[M::mem_pestat] mean and std.dev: (622.15, 763.47)
[M::mem_pestat] low and high boundaries for proper pairs: (1, 3734)
[M::mem_pestat] skip orientation FF
[M::mem_pestat] skip orientation RR
[M::mem_process_seqs] Processed 139496 reads in 2.816 CPU sec, 2.595 real sec
[M::process] read 139760 sequences (10000092 bp)...
[M::mem_pestat] # candidate unique pairs for (FF, FR, RF, RR): (37, 64726, 8, 34)
[M::mem_pestat] analyzing insert size distribution for orientation FF...
[M::mem_pestat] (25, 50, 75) percentile: (109, 247, 415)
[M::mem_pestat] low and high boundaries for computing mean and std.dev: (1, 1027)
[M::mem_pestat] mean and std.dev: (241.69, 189.80)
[M::mem_pestat] low and high boundaries for proper pairs: (1, 1333)
[M::mem_pestat] analyzing insert size distribution for orientation FR...
[M::mem_pestat] (25, 50, 75) percentile: (94, 145, 228)
[M::mem_pestat] low and high boundaries for computing mean and std.dev: (1, 496)
[M::mem_pestat] mean and std.dev: (142.88, 70.63)
[M::mem_pestat] low and high boundaries for proper pairs: (1, 630)
[M::mem_pestat] skip orientation RF as there are not enough pairs
[M::mem_pestat] analyzing insert size distribution for orientation RR...
[M::mem_pestat] (25, 50, 75) percentile: (111, 265, 1112)
[M::mem_pestat] low and high boundaries for computing mean and std.dev: (1, 3114)
[M::mem_pestat] mean and std.dev: (581.74, 691.68)
[M::mem_pestat] low and high boundaries for proper pairs: (1, 4115)
[M::mem_pestat] skip orientation FF
[M::mem_pestat] skip orientation RR
[M::mem_process_seqs] Processed 140186 reads in 2.810 CPU sec, 2.585 real sec
[M::process] read 138822 sequences (10000107 bp)...
[M::mem_pestat] # candidate unique pairs for (FF, FR, RF, RR): (50, 65174, 10, 60)
[M::mem_pestat] analyzing insert size distribution for orientation FF...
[M::mem_pestat] (25, 50, 75) percentile: (94, 255, 1476)
[M::mem_pestat] low and high boundaries for computing mean and std.dev: (1, 4240)
[M::mem_pestat] mean and std.dev: (704.18, 776.77)
[M::mem_pestat] low and high boundaries for proper pairs: (1, 5622)
[M::mem_pestat] analyzing insert size distribution for orientation FR...
[M::mem_pestat] (25, 50, 75) percentile: (94, 147, 235)
[M::mem_pestat] low and high boundaries for computing mean and std.dev: (1, 517)
[M::mem_pestat] mean and std.dev: (144.29, 72.44)
[M::mem_pestat] low and high boundaries for proper pairs: (1, 658)
[M::mem_pestat] analyzing insert size distribution for orientation RF...
[M::mem_pestat] (25, 50, 75) percentile: (31, 1612, 1790)
[M::mem_pestat] low and high boundaries for computing mean and std.dev: (1, 5308)
[M::mem_pestat] mean and std.dev: (942.20, 917.00)
[M::mem_pestat] low and high boundaries for proper pairs: (1, 7067)
[M::mem_pestat] analyzing insert size distribution for orientation RR...
[M::mem_pestat] (25, 50, 75) percentile: (183, 310, 1216)
[M::mem_pestat] low and high boundaries for computing mean and std.dev: (1, 3282)
[M::mem_pestat] mean and std.dev: (694.60, 711.29)
[M::mem_pestat] low and high boundaries for proper pairs: (1, 4315)
[M::mem_pestat] skip orientation FF
[M::mem_pestat] skip orientation RF
[M::mem_pestat] skip orientation RR
[M::mem_process_seqs] Processed 139760 reads in 2.828 CPU sec, 2.601 real sec
[M::process] read 140110 sequences (10000097 bp)...
[M::mem_pestat] # candidate unique pairs for (FF, FR, RF, RR): (50, 65210, 7, 47)
[M::mem_pestat] analyzing insert size distribution for orientation FF...
[M::mem_pestat] (25, 50, 75) percentile: (113, 224, 286)
[M::mem_pestat] low and high boundaries for computing mean and std.dev: (1, 632)
[M::mem_pestat] mean and std.dev: (187.44, 109.44)
[M::mem_pestat] low and high boundaries for proper pairs: (1, 805)
[M::mem_pestat] analyzing insert size distribution for orientation FR...
[M::mem_pestat] (25, 50, 75) percentile: (101, 156, 250)
[M::mem_pestat] low and high boundaries for computing mean and std.dev: (1, 548)
[M::mem_pestat] mean and std.dev: (152.03, 76.40)
[M::mem_pestat] low and high boundaries for proper pairs: (1, 697)
[M::mem_pestat] skip orientation RF as there are not enough pairs
[M::mem_pestat] analyzing insert size distribution for orientation RR...
[M::mem_pestat] (25, 50, 75) percentile: (117, 254, 470)
[M::mem_pestat] low and high boundaries for computing mean and std.dev: (1, 1176)
[M::mem_pestat] mean and std.dev: (262.73, 206.07)
[M::mem_pestat] low and high boundaries for proper pairs: (1, 1529)
[M::mem_pestat] skip orientation FF
[M::mem_pestat] skip orientation RR
[M::mem_process_seqs] Processed 138822 reads in 2.800 CPU sec, 2.583 real sec
[M::process] read 140286 sequences (10000098 bp)...
[M::mem_pestat] # candidate unique pairs for (FF, FR, RF, RR): (32, 65150, 13, 50)
[M::mem_pestat] analyzing insert size distribution for orientation FF...
[M::mem_pestat] (25, 50, 75) percentile: (88, 184, 341)
[M::mem_pestat] low and high boundaries for computing mean and std.dev: (1, 847)
[M::mem_pestat] mean and std.dev: (180.15, 155.59)
[M::mem_pestat] low and high boundaries for proper pairs: (1, 1100)
[M::mem_pestat] analyzing insert size distribution for orientation FR...
[M::mem_pestat] (25, 50, 75) percentile: (94, 145, 231)
[M::mem_pestat] low and high boundaries for computing mean and std.dev: (1, 505)
[M::mem_pestat] mean and std.dev: (142.64, 71.79)
[M::mem_pestat] low and high boundaries for proper pairs: (1, 642)
[M::mem_pestat] analyzing insert size distribution for orientation RF...
[M::mem_pestat] (25, 50, 75) percentile: (1251, 1593, 1742)
[M::mem_pestat] low and high boundaries for computing mean and std.dev: (269, 2724)
[M::mem_pestat] mean and std.dev: (1504.91, 400.04)
[M::mem_pestat] low and high boundaries for proper pairs: (1, 3215)
[M::mem_pestat] analyzing insert size distribution for orientation RR...
[M::mem_pestat] (25, 50, 75) percentile: (140, 260, 1132)
[M::mem_pestat] low and high boundaries for computing mean and std.dev: (1, 3116)
[M::mem_pestat] mean and std.dev: (643.04, 679.57)
[M::mem_pestat] low and high boundaries for proper pairs: (1, 4108)
[M::mem_pestat] skip orientation FF
[M::mem_pestat] skip orientation RF
[M::mem_pestat] skip orientation RR
[M::mem_process_seqs] Processed 140110 reads in 2.792 CPU sec, 2.587 real sec
[M::process] read 139566 sequences (10000119 bp)...
[M::mem_pestat] # candidate unique pairs for (FF, FR, RF, RR): (40, 65166, 5, 44)
[M::mem_pestat] analyzing insert size distribution for orientation FF...
[M::mem_pestat] (25, 50, 75) percentile: (148, 311, 1574)
[M::mem_pestat] low and high boundaries for computing mean and std.dev: (1, 4426)
[M::mem_pestat] mean and std.dev: (757.05, 734.66)
[M::mem_pestat] low and high boundaries for proper pairs: (1, 5852)
[M::mem_pestat] analyzing insert size distribution for orientation FR...
[M::mem_pestat] (25, 50, 75) percentile: (92, 142, 225)
[M::mem_pestat] low and high boundaries for computing mean and std.dev: (1, 491)
[M::mem_pestat] mean and std.dev: (140.98, 70.39)
[M::mem_pestat] low and high boundaries for proper pairs: (1, 624)
[M::mem_pestat] skip orientation RF as there are not enough pairs
[M::mem_pestat] analyzing insert size distribution for orientation RR...
[M::mem_pestat] (25, 50, 75) percentile: (124, 201, 1094)
[M::mem_pestat] low and high boundaries for computing mean and std.dev: (1, 3034)
[M::mem_pestat] mean and std.dev: (534.27, 660.95)
[M::mem_pestat] low and high boundaries for proper pairs: (1, 4004)
[M::mem_pestat] skip orientation FF
[M::mem_pestat] skip orientation RR
[M::mem_process_seqs] Processed 140286 reads in 2.815 CPU sec, 2.640 real sec
[M::process] read 139588 sequences (10000013 bp)...
[M::mem_pestat] # candidate unique pairs for (FF, FR, RF, RR): (48, 65282, 10, 43)
[M::mem_pestat] analyzing insert size distribution for orientation FF...
[M::mem_pestat] (25, 50, 75) percentile: (136, 248, 1180)
[M::mem_pestat] low and high boundaries for computing mean and std.dev: (1, 3268)
[M::mem_pestat] mean and std.dev: (587.06, 644.72)
[M::mem_pestat] low and high boundaries for proper pairs: (1, 4312)
[M::mem_pestat] analyzing insert size distribution for orientation FR...
[M::mem_pestat] (25, 50, 75) percentile: (95, 148, 236)
[M::mem_pestat] low and high boundaries for computing mean and std.dev: (1, 518)
[M::mem_pestat] mean and std.dev: (144.99, 72.69)
[M::mem_pestat] low and high boundaries for proper pairs: (1, 659)
[M::mem_pestat] analyzing insert size distribution for orientation RF...
[M::mem_pestat] (25, 50, 75) percentile: (66, 1769, 1853)
[M::mem_pestat] low and high boundaries for computing mean and std.dev: (1, 5427)
[M::mem_pestat] mean and std.dev: (1298.50, 832.19)
[M::mem_pestat] low and high boundaries for proper pairs: (1, 7214)
[M::mem_pestat] analyzing insert size distribution for orientation RR...
[M::mem_pestat] (25, 50, 75) percentile: (134, 265, 1835)
[M::mem_pestat] low and high boundaries for computing mean and std.dev: (1, 5237)
[M::mem_pestat] mean and std.dev: (835.51, 816.55)
[M::mem_pestat] low and high boundaries for proper pairs: (1, 6938)
[M::mem_pestat] skip orientation FF
[M::mem_pestat] skip orientation RF
[M::mem_pestat] skip orientation RR
[M::mem_process_seqs] Processed 139566 reads in 2.767 CPU sec, 2.659 real sec
[M::process] read 139246 sequences (10000024 bp)...
[M::mem_pestat] # candidate unique pairs for (FF, FR, RF, RR): (29, 65061, 10, 46)
[M::mem_pestat] analyzing insert size distribution for orientation FF...
[M::mem_pestat] (25, 50, 75) percentile: (141, 230, 661)
[M::mem_pestat] low and high boundaries for computing mean and std.dev: (1, 1701)
[M::mem_pestat] mean and std.dev: (436.34, 449.57)
[M::mem_pestat] low and high boundaries for proper pairs: (1, 2235)
[M::mem_pestat] analyzing insert size distribution for orientation FR...
[M::mem_pestat] (25, 50, 75) percentile: (95, 148, 238)
[M::mem_pestat] low and high boundaries for computing mean and std.dev: (1, 524)
[M::mem_pestat] mean and std.dev: (146.01, 73.36)
[M::mem_pestat] low and high boundaries for proper pairs: (1, 667)
[M::mem_pestat] analyzing insert size distribution for orientation RF...
[M::mem_pestat] (25, 50, 75) percentile: (68, 1400, 1696)
[M::mem_pestat] low and high boundaries for computing mean and std.dev: (1, 4952)
[M::mem_pestat] mean and std.dev: (962.60, 769.74)
[M::mem_pestat] low and high boundaries for proper pairs: (1, 6580)
[M::mem_pestat] analyzing insert size distribution for orientation RR...
[M::mem_pestat] (25, 50, 75) percentile: (117, 228, 799)
[M::mem_pestat] low and high boundaries for computing mean and std.dev: (1, 2163)
[M::mem_pestat] mean and std.dev: (548.36, 686.70)
[M::mem_pestat] low and high boundaries for proper pairs: (1, 3295)
[M::mem_pestat] skip orientation FF
[M::mem_pestat] skip orientation RF
[M::mem_pestat] skip orientation RR
[M::mem_process_seqs] Processed 139588 reads in 2.805 CPU sec, 2.668 real sec
[M::process] read 139580 sequences (10000090 bp)...
[M::mem_pestat] # candidate unique pairs for (FF, FR, RF, RR): (42, 64678, 13, 60)
[M::mem_pestat] analyzing insert size distribution for orientation FF...
[M::mem_pestat] (25, 50, 75) percentile: (99, 243, 1160)
[M::mem_pestat] low and high boundaries for computing mean and std.dev: (1, 3282)
[M::mem_pestat] mean and std.dev: (612.07, 701.00)
[M::mem_pestat] low and high boundaries for proper pairs: (1, 4343)
[M::mem_pestat] analyzing insert size distribution for orientation FR...
[M::mem_pestat] (25, 50, 75) percentile: (102, 158, 253)
[M::mem_pestat] low and high boundaries for computing mean and std.dev: (1, 555)
[M::mem_pestat] mean and std.dev: (152.62, 76.29)
[M::mem_pestat] low and high boundaries for proper pairs: (1, 706)
[M::mem_pestat] analyzing insert size distribution for orientation RF...
[M::mem_pestat] (25, 50, 75) percentile: (186, 439, 1631)
[M::mem_pestat] low and high boundaries for computing mean and std.dev: (1, 4521)
[M::mem_pestat] mean and std.dev: (791.77, 697.04)
[M::mem_pestat] low and high boundaries for proper pairs: (1, 5966)
[M::mem_pestat] analyzing insert size distribution for orientation RR...
[M::mem_pestat] (25, 50, 75) percentile: (122, 217, 836)
[M::mem_pestat] low and high boundaries for computing mean and std.dev: (1, 2264)
[M::mem_pestat] mean and std.dev: (550.57, 688.93)
[M::mem_pestat] low and high boundaries for proper pairs: (1, 3306)
[M::mem_pestat] skip orientation FF
[M::mem_pestat] skip orientation RF
[M::mem_pestat] skip orientation RR
[M::mem_process_seqs] Processed 139246 reads in 2.885 CPU sec, 2.726 real sec
[M::mem_pestat] # candidate unique pairs for (FF, FR, RF, RR): (49, 65378, 10, 47)
[M::mem_pestat] analyzing insert size distribution for orientation FF...
[M::mem_pestat] (25, 50, 75) percentile: (120, 286, 1116)
[M::mem_pestat] low and high boundaries for computing mean and std.dev: (1, 3108)
[M::mem_pestat] mean and std.dev: (615.98, 694.14)
[M::mem_pestat] low and high boundaries for proper pairs: (1, 4104)
[M::mem_pestat] analyzing insert size distribution for orientation FR...
[M::mem_pestat] (25, 50, 75) percentile: (95, 150, 242)
[M::mem_pestat] low and high boundaries for computing mean and std.dev: (1, 536)
[M::mem_pestat] mean and std.dev: (145.56, 72.96)
[M::mem_pestat] low and high boundaries for proper pairs: (1, 683)
[M::mem_pestat] analyzing insert size distribution for orientation RF...
[M::mem_pestat] (25, 50, 75) percentile: (452, 1660, 1709)
[M::mem_pestat] low and high boundaries for computing mean and std.dev: (1, 4223)
[M::mem_pestat] mean and std.dev: (1211.10, 661.16)
[M::mem_pestat] low and high boundaries for proper pairs: (1, 5480)
[M::mem_pestat] analyzing insert size distribution for orientation RR...
[M::mem_pestat] (25, 50, 75) percentile: (109, 215, 681)
[M::mem_pestat] low and high boundaries for computing mean and std.dev: (1, 1825)
[M::mem_pestat] mean and std.dev: (334.50, 379.06)
[M::mem_pestat] low and high boundaries for proper pairs: (1, 2397)
[M::mem_pestat] skip orientation FF
[M::mem_pestat] skip orientation RF
[M::mem_pestat] skip orientation RR
[M::mem_process_seqs] Processed 139580 reads in 2.839 CPU sec, 2.761 real sec
[M::process] read 139656 sequences (10000124 bp)...
[M::process] read 139848 sequences (10000126 bp)...
[M::mem_pestat] # candidate unique pairs for (FF, FR, RF, RR): (45, 65194, 9, 51)
[M::mem_pestat] analyzing insert size distribution for orientation FF...
[M::mem_pestat] (25, 50, 75) percentile: (131, 301, 1682)
[M::mem_pestat] low and high boundaries for computing mean and std.dev: (1, 4784)
[M::mem_pestat] mean and std.dev: (764.11, 788.93)
[M::mem_pestat] low and high boundaries for proper pairs: (1, 6335)
[M::mem_pestat] analyzing insert size distribution for orientation FR...
[M::mem_pestat] (25, 50, 75) percentile: (95, 147, 234)
[M::mem_pestat] low and high boundaries for computing mean and std.dev: (1, 512)
[M::mem_pestat] mean and std.dev: (144.53, 71.90)
[M::mem_pestat] low and high boundaries for proper pairs: (1, 651)
[M::mem_pestat] skip orientation RF as there are not enough pairs
[M::mem_pestat] analyzing insert size distribution for orientation RR...
[M::mem_pestat] (25, 50, 75) percentile: (110, 217, 1332)
[M::mem_pestat] low and high boundaries for computing mean and std.dev: (1, 3776)
[M::mem_pestat] mean and std.dev: (691.63, 762.61)
[M::mem_pestat] low and high boundaries for proper pairs: (1, 4998)
[M::mem_pestat] skip orientation FF
[M::mem_pestat] skip orientation RR
[M::mem_process_seqs] Processed 139656 reads in 2.827 CPU sec, 2.575 real sec
[M::process] read 139836 sequences (10000031 bp)...
[M::mem_pestat] # candidate unique pairs for (FF, FR, RF, RR): (49, 64590, 8, 40)
[M::mem_pestat] analyzing insert size distribution for orientation FF...
[M::mem_pestat] (25, 50, 75) percentile: (141, 226, 1072)
[M::mem_pestat] low and high boundaries for computing mean and std.dev: (1, 2934)
[M::mem_pestat] mean and std.dev: (567.04, 633.46)
[M::mem_pestat] low and high boundaries for proper pairs: (1, 3865)
[M::mem_pestat] analyzing insert size distribution for orientation FR...
[M::mem_pestat] (25, 50, 75) percentile: (96, 148, 235)
[M::mem_pestat] low and high boundaries for computing mean and std.dev: (1, 513)
[M::mem_pestat] mean and std.dev: (145.68, 72.26)
[M::mem_pestat] low and high boundaries for proper pairs: (1, 652)
[M::mem_pestat] skip orientation RF as there are not enough pairs
[M::mem_pestat] analyzing insert size distribution for orientation RR...
[M::mem_pestat] (25, 50, 75) percentile: (162, 233, 1499)
[M::mem_pestat] low and high boundaries for computing mean and std.dev: (1, 4173)
[M::mem_pestat] mean and std.dev: (717.58, 743.23)
[M::mem_pestat] low and high boundaries for proper pairs: (1, 5510)
[M::mem_pestat] skip orientation FF
[M::mem_pestat] skip orientation RR
[M::mem_process_seqs] Processed 139848 reads in 2.783 CPU sec, 2.604 real sec
[M::process] read 111488 sequences (7969700 bp)...
[M::mem_pestat] # candidate unique pairs for (FF, FR, RF, RR): (40, 65374, 11, 51)
[M::mem_pestat] analyzing insert size distribution for orientation FF...
[M::mem_pestat] (25, 50, 75) percentile: (99, 239, 869)
[M::mem_pestat] low and high boundaries for computing mean and std.dev: (1, 2409)
[M::mem_pestat] mean and std.dev: (515.88, 635.34)
[M::mem_pestat] low and high boundaries for proper pairs: (1, 3179)
[M::mem_pestat] analyzing insert size distribution for orientation FR...
[M::mem_pestat] (25, 50, 75) percentile: (94, 146, 233)
[M::mem_pestat] low and high boundaries for computing mean and std.dev: (1, 511)
[M::mem_pestat] mean and std.dev: (143.34, 71.67)
[M::mem_pestat] low and high boundaries for proper pairs: (1, 650)
[M::mem_pestat] analyzing insert size distribution for orientation RF...
[M::mem_pestat] (25, 50, 75) percentile: (1168, 1446, 1711)
[M::mem_pestat] low and high boundaries for computing mean and std.dev: (82, 2797)
[M::mem_pestat] mean and std.dev: (1316.60, 489.40)
[M::mem_pestat] low and high boundaries for proper pairs: (1, 3340)
[M::mem_pestat] analyzing insert size distribution for orientation RR...
[M::mem_pestat] (25, 50, 75) percentile: (113, 253, 1088)
[M::mem_pestat] low and high boundaries for computing mean and std.dev: (1, 3038)
[M::mem_pestat] mean and std.dev: (581.59, 657.77)
[M::mem_pestat] low and high boundaries for proper pairs: (1, 4013)
[M::mem_pestat] skip orientation FF
[M::mem_pestat] skip orientation RF
[M::mem_pestat] skip orientation RR
[M::mem_process_seqs] Processed 139836 reads in 2.802 CPU sec, 2.599 real sec
[M::mem_pestat] # candidate unique pairs for (FF, FR, RF, RR): (41, 52246, 14, 47)
[M::mem_pestat] analyzing insert size distribution for orientation FF...
[M::mem_pestat] (25, 50, 75) percentile: (158, 274, 1588)
[M::mem_pestat] low and high boundaries for computing mean and std.dev: (1, 4448)
[M::mem_pestat] mean and std.dev: (775.93, 738.00)
[M::mem_pestat] low and high boundaries for proper pairs: (1, 5878)
[M::mem_pestat] analyzing insert size distribution for orientation FR...
[M::mem_pestat] (25, 50, 75) percentile: (94, 145, 231)
[M::mem_pestat] low and high boundaries for computing mean and std.dev: (1, 505)
[M::mem_pestat] mean and std.dev: (142.36, 70.85)
[M::mem_pestat] low and high boundaries for proper pairs: (1, 642)
[M::mem_pestat] analyzing insert size distribution for orientation RF...
[M::mem_pestat] (25, 50, 75) percentile: (400, 1166, 1600)
[M::mem_pestat] low and high boundaries for computing mean and std.dev: (1, 4000)
[M::mem_pestat] mean and std.dev: (1037.29, 653.91)
[M::mem_pestat] low and high boundaries for proper pairs: (1, 5200)
[M::mem_pestat] analyzing insert size distribution for orientation RR...
[M::mem_pestat] (25, 50, 75) percentile: (99, 200, 817)
[M::mem_pestat] low and high boundaries for computing mean and std.dev: (1, 2253)
[M::mem_pestat] mean and std.dev: (528.34, 633.83)
[M::mem_pestat] low and high boundaries for proper pairs: (1, 3064)
[M::mem_pestat] skip orientation FF
[M::mem_pestat] skip orientation RF
[M::mem_pestat] skip orientation RR
[M::mem_process_seqs] Processed 111488 reads in 2.164 CPU sec, 2.038 real sec
[main] Version: 0.7.19-r1273
[main] CMD: bwa mem h3n2/h3n2.fasta 01790915_RE25003463_OM_H3_1_paired.fq.gz 01790915_RE25003463_OM_H3_2_paired.fq.gz
[main] Real time: 69.253 sec; CPU: 72.696 sec
